###############################################################################
#
# IAR ANSI C/C++ Compiler V7.40.3.8902/W32 for ARM        28/Oct/2016  22:26:03
# Copyright 1999-2015 IAR Systems AB.
#
#    Cpu mode     =  thumb
#    Endian       =  little
#    Source file  =  
#        C:\Users\matthew.shing\Documents\Projects\AONE ZigBee Dimmer\AUCH
#        ETRX357\AONE_Zigbee\EmberZNet5.3.0-GA\em35x\app\builder\Aurora_dimmer\Aurora_dimmer_callbacks.c
#    Command line =  
#        "C:\Users\matthew.shing\Documents\Projects\AONE ZigBee Dimmer\AUCH
#        ETRX357\AONE_Zigbee\EmberZNet5.3.0-GA\em35x\app\builder\Aurora_dimmer\Aurora_dimmer_callbacks.c"
#        -D
#        "GENERATED_TOKEN_HEADER=\"app/builder/Aurora_dimmer/Aurora_dimmer_tokens.h\""
#        -D "ZA_GENERATED_HEADER=\"app/builder/Aurora_dimmer/Aurora_dimmer.h\""
#        -D APP_BTL -D
#        "BOARD_HEADER=\"../../../AONE_Zigbee/EmberZNet5.3.0-GA/em35x/app/builder/Aurora_dimmer/Aurora_dimmer_board.h\""
#        -D "PLATFORM_HEADER=\"hal/micro/cortexm3/compiler/iar.h\"" -D CORTEXM3
#        -D CORTEXM3_EMBER_MICRO -D CORTEXM3_EM357 -D PHY_EM3XX -D
#        "APPLICATION_TOKEN_HEADER=\"app/framework/util/tokens.h\"" -D
#        "CONFIGURATION_HEADER=\"app/framework/util/config.h\"" -D
#        "ATTRIBUTE_STORAGE_CONFIGURATION=\"app/builder/Aurora_dimmer/Aurora_dimmer_endpoint_config.h\""
#        -D "__SOURCEFILE__=\"Aurora_dimmer_callbacks.c\"" -lC
#        "C:\Users\matthew.shing\Documents\Projects\AONE ZigBee Dimmer\AUCH
#        ETRX357\AONE_Zigbee\EmberZNet5.3.0-GA\em35x\build\Aurora_dimmer\"
#        --diag_suppress Pa050 -o
#        "C:\Users\matthew.shing\Documents\Projects\AONE ZigBee Dimmer\AUCH
#        ETRX357\AONE_Zigbee\EmberZNet5.3.0-GA\em35x\build\Aurora_dimmer\"
#        --debug --endian=little --cpu=Cortex-M3 -e --fpu=None --dlib_config
#        "C:\Program Files (x86)\IAR Systems\Embedded Workbench
#        7.2\arm\INC\c\DLib_Config_Normal.h" -I
#        "C:\Users\matthew.shing\Documents\Projects\AONE ZigBee Dimmer\AUCH
#        ETRX357\AONE_Zigbee\EmberZNet5.3.0-GA\em35x\app\builder\Aurora_dimmer\"
#        -I "C:\Users\matthew.shing\Documents\Projects\AONE ZigBee Dimmer\AUCH
#        ETRX357\AONE_Zigbee\EmberZNet5.3.0-GA\em35x\app\builder\Aurora_dimmer\"
#        -I "C:\Users\matthew.shing\Documents\Projects\AONE ZigBee Dimmer\AUCH
#        ETRX357\AONE_Zigbee\EmberZNet5.3.0-GA\em35x\app\builder\Aurora_dimmer\..\..\..\"
#        -I "C:\Users\matthew.shing\Documents\Projects\AONE ZigBee Dimmer\AUCH
#        ETRX357\AONE_Zigbee\EmberZNet5.3.0-GA\em35x\app\builder\Aurora_dimmer\..\..\..\app\framework\include\"
#        -I "C:\Users\matthew.shing\Documents\Projects\AONE ZigBee Dimmer\AUCH
#        ETRX357\AONE_Zigbee\EmberZNet5.3.0-GA\em35x\app\builder\Aurora_dimmer\..\..\..\..\..\..\16.09.23
#        Fixedonoff\EmberZNet5.3.0-GA\em35x\" -I
#        "C:\Users\matthew.shing\Documents\Projects\AONE ZigBee Dimmer\AUCH
#        ETRX357\AONE_Zigbee\EmberZNet5.3.0-GA\em35x\app\builder\Aurora_dimmer\..\..\..\..\..\..\16.09.23
#        Fixedonoff\EmberZNet5.3.0-GA\em35x\stack\" -I
#        "C:\Users\matthew.shing\Documents\Projects\AONE ZigBee Dimmer\AUCH
#        ETRX357\AONE_Zigbee\EmberZNet5.3.0-GA\em35x\app\builder\Aurora_dimmer\..\..\..\..\..\..\16.09.23
#        Fixedonoff\EmberZNet5.3.0-GA\em35x\hal\" -I
#        "C:\Users\matthew.shing\Documents\Projects\AONE ZigBee Dimmer\AUCH
#        ETRX357\AONE_Zigbee\EmberZNet5.3.0-GA\em35x\app\builder\Aurora_dimmer\..\..\..\..\..\..\16.09.23
#        Fixedonoff\EmberZNet5.3.0-GA\em35x\hal\..\" -Ohz --use_c++_inline
#    List file    =  
#        C:\Users\matthew.shing\Documents\Projects\AONE ZigBee Dimmer\AUCH
#        ETRX357\AONE_Zigbee\EmberZNet5.3.0-GA\em35x\build\Aurora_dimmer\Aurora_dimmer_callbacks.lst
#    Object file  =  
#        C:\Users\matthew.shing\Documents\Projects\AONE ZigBee Dimmer\AUCH
#        ETRX357\AONE_Zigbee\EmberZNet5.3.0-GA\em35x\build\Aurora_dimmer\Aurora_dimmer_callbacks.o
#
###############################################################################

C:\Users\matthew.shing\Documents\Projects\AONE ZigBee Dimmer\AUCH ETRX357\AONE_Zigbee\EmberZNet5.3.0-GA\em35x\app\builder\Aurora_dimmer\Aurora_dimmer_callbacks.c
      1          //
      2          
      3          // This callback file is created for your convenience. You may add application
      4          // code to this file. If you regenerate this file over a previous version, the
      5          // previous version will be overwritten and any code you have added will be
      6          // lost.
      7          
      8          #include <string.h>
      9          #include "app/framework/include/af.h"
     10          #include "app/framework/plugin/aurora-button-joining/aurora-button-joining.h"
     11          #include "app/framework/plugin/aurora-button-joining/aurora-button-joining-hal.h"
     12          #include "app/framework/plugin/aurora-pwm/aurora-pwm.h"
     13          #include "app/framework/plugin/aurora-pwm/aurora-pwm-hal.h"
     14          #include "app/framework/plugin/aurora-colour-control/aurora-colour-control.h"
     15          #include "app/framework/plugin/aurora-level-control/aurora-level-control-hal.h"
     16          #include "app/framework/plugin/aurora-host-protocol/aurora-host-plc-protocol.h"
     17          #include "app/framework/plugin/aurora-host-protocol/aurora-host-protocol.h"
     18          #include "app/framework/plugin/aurora-host-protocol/aurora-host-hal.h"
     19          #include "app/framework/plugin/aurora-colour-control/aurora-colour-conversion.h"
     20          #include "app/framework/plugin/tunneling-server/tunneling-server.h"
     21          
     22          typedef struct {
     23              boolean open;
     24              int16u tunnelId;
     25              int8u protocolId;
     26              int16u manufacturerCode;
     27              boolean flowControlSupport;
     28              int16u maximumIncomingTransferSize;
     29          } tTunnelStatus;
     30          

   \                                 In section .bss, align 4
     31          tTunnelStatus tunnelStatus = {0};
   \                     tunnelStatus:
   \   00000000                      DS8 12
     32          
     33          /** @brief Move To Color - ZCL cmd callback
     34           *
     35           * @param colorX   Ver.: always
     36           * @param colorY   Ver.: always
     37           * @param transitionTime   Ver.: always
     38           */

   \                                 In section .text, align 2, keep-with-next
     39          boolean emberAfColorControlClusterMoveToColorCallback(int16u colorX,
     40                                                                int16u colorY,
     41                                                                int16u transitionTime)
     42          {
   \                     emberAfColorControlClusterMoveToColorCallback: (+1)
   \   00000000   0xB580             PUSH     {R7,LR}
     43              EmberAfStatus status = emberAfPluginAuroraColourControlMoveToColor(colorX, colorY, transitionTime);    
   \   00000002   0x.... 0x....      BL       emberAfPluginAuroraColourControlMoveToColor
     44              emberAfSendImmediateDefaultResponse(status);  // Send ZCl cmd default response.      
   \   00000006   0x....             B.N      ?Subroutine0
     45              return TRUE;
     46          }

   \                                 In section .text, align 2, keep-with-next
   \                     ?Subroutine0: (+1)
   \   00000000   0x.... 0x....      BL       emberAfSendImmediateDefaultResponse
   \   00000004   0x2001             MOVS     R0,#+1
   \   00000006   0xBD02             POP      {R1,PC}          ;; return
     47          
     48          /** @brief Move Color - ZCL cmd callback
     49           *
     50           * @param rateX   Ver.: always
     51           * @param rateY   Ver.: always
     52           */

   \                                 In section .text, align 2, keep-with-next
     53          boolean emberAfColorControlClusterMoveColorCallback(int16s rateX,
     54                                                              int16s rateY)
     55          {
   \                     emberAfColorControlClusterMoveColorCallback: (+1)
   \   00000000   0xB580             PUSH     {R7,LR}
     56              EmberAfStatus status = emberAfPluginAuroraColourControlMoveColor(rateX, rateY);
   \   00000002   0x.... 0x....      BL       emberAfPluginAuroraColourControlMoveColor
     57              emberAfSendImmediateDefaultResponse(status);  // Send ZCl cmd default response.      
   \   00000006                      REQUIRE ?Subroutine0
   \   00000006                      ;; // Fall through to label ?Subroutine0
     58              return TRUE;
     59          }
     60          
     61          /** @brief Step Color - ZCL cmd callback
     62           *
     63           * @param stepX   Ver.: always
     64           * @param stepY   Ver.: always
     65           * @param transitionTime   Ver.: always
     66           */

   \                                 In section .text, align 2, keep-with-next
     67          boolean emberAfColorControlClusterStepColorCallback(int16s stepX,
     68                                                              int16s stepY,
     69                                                              int16u transitionTime)
     70          {
   \                     emberAfColorControlClusterStepColorCallback: (+1)
   \   00000000   0xB580             PUSH     {R7,LR}
     71              EmberAfStatus status = emberAfPluginAuroraColourControlStepColor(stepX, stepY, transitionTime);
   \   00000002   0x.... 0x....      BL       emberAfPluginAuroraColourControlStepColor
     72              emberAfSendImmediateDefaultResponse(status);  // Send ZCl cmd default response.      
   \   00000006   0x....             B.N      ?Subroutine0
     73              return TRUE;
     74          }
     75          
     76          /** @brief Move To Color Temperature
     77           *
     78           * 
     79           *
     80           * @param colorTemperature   Ver.: always
     81           * @param transitionTime   Ver.: always
     82           */

   \                                 In section .text, align 2, keep-with-next
     83          boolean emberAfColorControlClusterMoveToColorTemperatureCallback(int16u colorTemperature,
     84                                                                           int16u transitionTime)
     85          {
   \                     emberAfColorControlClusterMoveToColorTemperatureCallback: (+1)
   \   00000000   0xB580             PUSH     {R7,LR}
     86              EmberAfStatus status =  emberAfPluginAuroraColourControlMoveToColorTemperature(colorTemperature, transitionTime);
   \   00000002   0x.... 0x....      BL       emberAfPluginAuroraColourControlMoveToColorTemperature
     87              emberAfSendImmediateDefaultResponse(status);  // Send ZCl cmd default response.      
   \   00000006   0x....             B.N      ?Subroutine0
     88              return TRUE;
     89          }
     90          
     91          /** @brief Match Protocol Address
     92           *
     93           * @param protocolAddress   Ver.: always
     94           */

   \                                 In section .text, align 2, keep-with-next
     95          boolean emberAfGenericTunnelClusterMatchProtocolAddressCallback(int8u* protocolAddress)
     96          {
     97            return FALSE;
   \                     emberAfGenericTunnelClusterMatchProtocolAddressCallback: (+1)
   \   00000000   0x2000             MOVS     R0,#+0
   \   00000002   0x4770             BX       LR               ;; return
     98          }
     99          
    100          /** @brief Image Block Response
    101           *
    102           * 
    103           *
    104           * @param status   Ver.: always
    105           * @param manufacturerId   Ver.: always
    106           * @param imageType   Ver.: always
    107           * @param fileVersion   Ver.: always
    108           * @param fileOffset   Ver.: always
    109           * @param dataSize   Ver.: always
    110           * @param imageData   Ver.: always
    111           */

   \                                 In section .text, align 2, keep-with-next
    112          boolean emberAfOtaBootloadClusterImageBlockResponseCallback(int8u status,
    113                                                                      int16u manufacturerId,
    114                                                                      int16u imageType,
    115                                                                      int32u fileVersion,
    116                                                                      int32u fileOffset,
    117                                                                      int8u dataSize,
    118                                                                      int8u* imageData)
    119          {
    120            return FALSE;
   \                     emberAfOtaBootloadClusterImageBlockResponseCallback: (+1)
   \   00000000   0x2000             MOVS     R0,#+0
   \   00000002   0x4770             BX       LR               ;; return
    121          }
    122          
    123          /** @brief Upgrade End Response
    124           *
    125           * 
    126           *
    127           * @param manufacturerId   Ver.: always
    128           * @param imageType   Ver.: always
    129           * @param fileVersion   Ver.: always
    130           * @param currentTime   Ver.: always
    131           * @param upgradeTime   Ver.: always
    132           */

   \                                 In section .text, align 2, keep-with-next
    133          boolean emberAfOtaBootloadClusterUpgradeEndResponseCallback(int16u manufacturerId,
    134                                                                      int16u imageType,
    135                                                                      int32u fileVersion,
    136                                                                      int32u currentTime,
    137                                                                      int32u upgradeTime)
    138          {
    139            return FALSE;
   \                     emberAfOtaBootloadClusterUpgradeEndResponseCallback: (+1)
   \   00000000   0x2000             MOVS     R0,#+0
   \   00000002   0x4770             BX       LR               ;; return
    140          }
    141          
    142          /** @brief Query Next Image Response
    143           *
    144           * 
    145           *
    146           * @param status   Ver.: always
    147           * @param manufacturerId   Ver.: always
    148           * @param imageType   Ver.: always
    149           * @param fileVersion   Ver.: always
    150           * @param imageSize   Ver.: always
    151           */

   \                                 In section .text, align 2, keep-with-next
    152          boolean emberAfOtaBootloadClusterQueryNextImageResponseCallback(int8u status,
    153                                                                          int16u manufacturerId,
    154                                                                          int16u imageType,
    155                                                                          int32u fileVersion,
    156                                                                          int32u imageSize)
    157          {
    158            return FALSE;
   \                     emberAfOtaBootloadClusterQueryNextImageResponseCallback: (+1)
   \   00000000   0x2000             MOVS     R0,#+0
   \   00000002   0x4770             BX       LR               ;; return
    159          }
    160          
    161          /** @brief Main Start
    162           *
    163           * This function is called at the start of main after the HAL has been
    164           * initialized.  The standard main function arguments of argc and argv are
    165           * passed in.  However not all platforms have support for main() function
    166           * arguments.  Those that do not are passed NULL for argv, therefore argv should
    167           * be checked for NULL before using it.  If the callback determines that the
    168           * program must exit, it should return TRUE.  The value returned by main() will
    169           * be the value written to the returnCode pointer.  Otherwise the callback
    170           * should return FALSE to let normal execution continue.
    171           *
    172           * @param returnCode   Ver.: always
    173           * @param argc   Ver.: always
    174           * @param argv   Ver.: always
    175           */

   \                                 In section .text, align 2, keep-with-next
    176          boolean emberAfMainStartCallback(int* returnCode,
    177                                           int argc,
    178                                           char** argv)
    179          {
    180            // NOTE:  argc and argv may not be supported on all platforms, so argv MUST be
    181            // checked for NULL before referencing it.  On those platforms without argc 
    182            // and argv "0" and "NULL" are passed respectively.
    183            
    184            return FALSE;  // exit?
   \                     emberAfMainStartCallback: (+1)
   \   00000000   0x2000             MOVS     R0,#+0
   \   00000002   0x4770             BX       LR               ;; return
    185          }
    186          
    187          /** @brief Main Init
    188           *
    189           * This function is called from the application's main function. It gives the
    190           * application a chance to do any initialization required at system startup. Any
    191           * code that you would normally put into the top of the application's main()
    192           * routine should be put into this function.
    193           */

   \                                 In section .text, align 2, keep-with-next
    194          void emberAfMainInitCallback(void)
    195          {  
   \                     emberAfMainInitCallback: (+1)
   \   00000000   0xB510             PUSH     {R4,LR}
    196              emberAfDebugPrintln("\r\n*** Aurora Light Dimmmer ***");    
   \   00000002   0x.... 0x....      ADR.W    R1,?_0
   \   00000006   0x.... 0x....      BL       ?Subroutine2
    197              emberAfDebugPrintln("Module fw version: 0x%2X", EMBER_AF_PLUGIN_AURORA_OTA_CLIENT_POLICY_FIRMWARE_VERSION2);    
   \                     ??CrossCallReturnLabel_8: (+1)
   \   0000000A   0x2216             MOVS     R2,#+22
   \   0000000C   0x.... 0x....      ADR.W    R1,?_1
   \   00000010   0x2002             MOVS     R0,#+2
   \   00000012   0x.... 0x....      BL       emberAfPrintln
    198              
    199          #ifdef AONE_HW_USE_JOIN_INPUT_ON_PB6
    200              emberAfDebugPrintln("AONE Hw, using alternate joining pin=PB6");
    201          #endif
    202          
    203              int8u mode = getAuroraDimmerMode();  
   \   00000016   0x.... 0x....      BL       getAuroraDimmerMode
   \   0000001A   0x4604             MOV      R4,R0
    204              emberAfDebugPrint("AURORA_MODE=%d, ", mode);    
   \   0000001C   0x4622             MOV      R2,R4
   \   0000001E   0x.... 0x....      ADR.W    R1,?_2
   \   00000022   0x2002             MOVS     R0,#+2
   \   00000024   0x.... 0x....      BL       emberAfPrint
    205              switch (mode) 
   \   00000028   0xB12C             CBZ.N    R4,??emberAfMainInitCallback_0
   \   0000002A   0x2C02             CMP      R4,#+2
   \   0000002C   0xD008             BEQ.N    ??emberAfMainInitCallback_1
   \   0000002E   0xD305             BCC.N    ??emberAfMainInitCallback_2
   \   00000030   0x2C03             CMP      R4,#+3
   \   00000032   0xD007             BEQ.N    ??emberAfMainInitCallback_3
   \   00000034   0xE008             B.N      ??emberAfMainInitCallback_4
    206              {
    207                  case AURORA_MODE_RGBW:
    208                  {
    209                      emberAfDebugPrintln("RGBW");
   \                     ??emberAfMainInitCallback_0: (+1)
   \   00000036   0x.... 0x....      ADR.W    R1,?_3
   \   0000003A   0xE007             B.N      ??emberAfMainInitCallback_5
    210                      break;        
    211                  }
    212                  case AURORA_MODE_CX:
    213                  {
    214                      emberAfDebugPrintln("CX");
   \                     ??emberAfMainInitCallback_2: (+1)
   \   0000003C   0x....             ADR.N    R1,??DataTable23  ;; 0x43, 0x58, 0x00, 0x00
   \   0000003E   0xE005             B.N      ??emberAfMainInitCallback_5
    215                      break;        
    216                  }
    217                  case AURORA_MODE_DIM:
    218                  {
    219                      emberAfDebugPrintln("DIM");
   \                     ??emberAfMainInitCallback_1: (+1)
   \   00000040   0x....             ADR.N    R1,??DataTable23_1  ;; "DIM"
   \   00000042   0xE003             B.N      ??emberAfMainInitCallback_5
    220                      break;
    221                  }    
    222                  case AURORA_MODE_PLC:
    223                  {
    224                      emberAfDebugPrintln("PLC");
   \                     ??emberAfMainInitCallback_3: (+1)
   \   00000044   0x....             ADR.N    R1,??DataTable23_2  ;; "PLC"
   \   00000046   0xE001             B.N      ??emberAfMainInitCallback_5
    225                      break;
    226                  }
    227                  default:
    228                  {
    229                      emberAfDebugPrintln("Invalid");
   \                     ??emberAfMainInitCallback_4: (+1)
   \   00000048   0x.... 0x....      ADR.W    R1,?_7
   \                     ??emberAfMainInitCallback_5: (+1)
   \   0000004C   0x.... 0x....      BL       ?Subroutine2
    230                      break;
    231                  }
    232              }
    233              
    234              emberAfPluginAuroraButtonJoiningButtonIoInit();
   \                     ??CrossCallReturnLabel_7: (+1)
   \   00000050   0x.... 0x....      BL       emberAfPluginAuroraButtonJoiningButtonIoInit
    235              
    236              emberAfPluginAuroraButtonJoiningInitialiseLeds();
   \   00000054   0x.... 0x....      BL       emberAfPluginAuroraButtonJoiningInitialiseLeds
    237              
    238              emberAfPluginAuroraHostHalSerialInitHostPlc();
   \   00000058   0x.... 0x....      BL       emberAfPluginAuroraHostHalSerialInitHostPlc
    239          
    240          #ifndef AONE_HW_USE_JOIN_INPUT_ON_PB6
    241              emberAfPluginAuroraPwmInitializeTimer();  // Cant use pwm timer as this uses PB6.
   \   0000005C   0x.... 0x....      BL       emberAfPluginAuroraPwmInitializeTimer
    242          #endif
    243              
    244              emberAfPluginAuroraColourControlInitColorSpaceConversion();     
   \   00000060   0xE8BD 0x4010      POP      {R4,LR}
   \   00000064   0x.... 0x....      B.W      emberAfPluginAuroraColourControlInitColorSpaceConversion
    245              
    246              //if the device is not paired to a network, it will enter pairing mode MN
    247              //checkIfPaired();
    248              
    249          }

   \                                 In section .text, align 2, keep-with-next
   \                     ?Subroutine2: (+1)
   \   00000000   0x2002             MOVS     R0,#+2
   \   00000002   0x.... 0x....      B.W      emberAfPrintln
    250          
    251          /** @brief Main Tick
    252           *
    253           * Whenever main application tick is called, this callback will be called at the
    254           * end of the main tick execution.
    255           *
    256           */

   \                                 In section .text, align 2, keep-with-next
    257          void emberAfMainTickCallback(void)
    258          {
   \                     emberAfMainTickCallback: (+1)
   \   00000000   0xB580             PUSH     {R7,LR}
    259              int8u mode;
    260              
    261          //emberAfDebugPrint("reached emberAfMainTickCallback line 253 Aurora_dimmer_callbacks \n"); //MN
    262          
    263              
    264              emberAfPluginAuroraButtonJoiningUpdateStatusLed();
   \   00000002   0x.... 0x....      BL       emberAfPluginAuroraButtonJoiningUpdateStatusLed
    265              
    266              //if the device is not paired to a network, it will enter pairing mode MN
    267              checkIfPaired();
   \   00000006   0x.... 0x....      BL       checkIfPaired
    268          
    269              // Read any data from the host
    270              mode = getAuroraDimmerMode();
    271              switch(mode) 
   \   0000000A   0x.... 0x....      BL       getAuroraDimmerMode
   \   0000000E   0x2803             CMP      R0,#+3
   \   00000010   0xBF04             ITT      EQ 
    272              {
    273          
    274                  case AURORA_MODE_PLC:
    275                      emberAfPluginAuroraHostHalPlcCheckHost();
   \   00000012   0xE8BD 0x4001      POPEQ    {R0,LR}
   \   00000016   0x.... 0x....      BEQ.W    emberAfPluginAuroraHostHalPlcCheckHost
    276                      break;
    277                      
    278                  case AURORA_MODE_RGBW:
    279                  case AURORA_MODE_CX:
    280                  case AURORA_MODE_DIM:
    281                  default:
    282                      break;
    283              }
    284          }
   \   0000001A   0xBD01             POP      {R0,PC}          ;; return
    285          
    286          /** @brief Stack Status
    287           *
    288           * This function is called by the application framework from the stack status
    289           * handler.  This callbacks provides applications an opportunity to be notified
    290           * of changes to the stack status and take appropriate action.  The return code
    291           * from this callback is ignored by the framework.  The framework will always
    292           * process the stack status after the callback returns.
    293           *
    294           * @param status   Ver.: always
    295           */

   \                                 In section .text, align 2, keep-with-next
    296          boolean emberAfStackStatusCallback(EmberStatus status)
    297          {
   \                     emberAfStackStatusCallback: (+1)
   \   00000000   0xB510             PUSH     {R4,LR}
   \   00000002   0x4604             MOV      R4,R0
    298            //MN
    299              emberAfDebugPrintln("Reached emberAfStackStatusCallback line 285 Aurora_dimmer_callbacks");
   \   00000004   0x.... 0x....      ADR.W    R1,?_8
   \   00000008   0x.... 0x....      BL       ?Subroutine2
    300          
    301            
    302              switch(status) 
   \                     ??CrossCallReturnLabel_6: (+1)
   \   0000000C   0x2C90             CMP      R4,#+144
   \   0000000E   0xD004             BEQ.N    ??emberAfStackStatusCallback_0
   \   00000010   0x2C91             CMP      R4,#+145
   \   00000012   0xD015             BEQ.N    ??emberAfStackStatusCallback_1
   \   00000014   0x2C94             CMP      R4,#+148
   \   00000016   0xD018             BEQ.N    ??emberAfStackStatusCallback_2
   \   00000018   0xE01D             B.N      ??CrossCallReturnLabel_4
    303              {
    304                  case EMBER_NETWORK_UP:
    305                      emberAfPluginAuroraButtonJoiningUpdateDeviceStateFlags(DEVICE_STATE_JOINED, DEVICE_STATE_FLAGS_SET);
   \                     ??emberAfStackStatusCallback_0: (+1)
   \   0000001A   0x2101             MOVS     R1,#+1
   \   0000001C   0x2002             MOVS     R0,#+2
   \   0000001E   0x.... 0x....      BL       emberAfPluginAuroraButtonJoiningUpdateDeviceStateFlags
    306                      emberAfPluginAuroraButtonJoiningUpdateDeviceStateFlags(DEVICE_STATE_JOINING, DEVICE_STATE_FLAGS_CLEAR);
   \   00000022   0x2100             MOVS     R1,#+0
   \   00000024   0x2001             MOVS     R0,#+1
   \   00000026   0x.... 0x....      BL       emberAfPluginAuroraButtonJoiningUpdateDeviceStateFlags
    307                      emberAfPluginAuroraButtonJoiningUpdateDeviceStateFlags(DEVICE_STATE_NETWORK_UNAVAILABLE, DEVICE_STATE_FLAGS_CLEAR); 
   \   0000002A   0x2100             MOVS     R1,#+0
   \   0000002C   0x2010             MOVS     R0,#+16
   \   0000002E   0x.... 0x....      BL       emberAfPluginAuroraButtonJoiningUpdateDeviceStateFlags
    308                      
    309                        //MN
    310              emberAfDebugPrintln("Reached emberAfStackStatusCallback line 294 Aurora_dimmer_callbacks");
   \   00000032   0x.... 0x....      ADR.W    R1,?_9
   \   00000036   0x.... 0x....      BL       ?Subroutine2
    311                      
    312                      
    313                      emberAfOtaClientStartCallback(); 
   \                     ??CrossCallReturnLabel_5: (+1)
   \   0000003A   0x.... 0x....      BL       emberAfOtaClientStartCallback
    314                      //GB dont need this on linkup!   emberAfPluginAuroraPwmInitializeTimer();
    315                      break;
   \   0000003E   0xE00A             B.N      ??CrossCallReturnLabel_4
    316          
    317                  case EMBER_NETWORK_DOWN:
    318                      emberAfPluginAuroraButtonJoiningUpdateDeviceStateFlags(DEVICE_STATE_CLEAR_MASK, DEVICE_STATE_FLAGS_CLEAR);
   \                     ??emberAfStackStatusCallback_1: (+1)
   \   00000040   0x.... 0x....      BL       ?Subroutine3
    319                      
    320                        //MN
    321              emberAfDebugPrintln("Reached emberAfStackStatusCallback line 310 Aurora_dimmer_callbacks");
   \                     ??CrossCallReturnLabel_11: (+1)
   \   00000044   0x.... 0x....      ADR.W    R1,?_10
   \   00000048   0xE003             B.N      ??emberAfStackStatusCallback_3
    322                      
    323                      break;
    324          
    325                  case EMBER_JOIN_FAILED:
    326                      emberAfPluginAuroraButtonJoiningUpdateDeviceStateFlags(DEVICE_STATE_CLEAR_MASK, DEVICE_STATE_FLAGS_CLEAR); 
   \                     ??emberAfStackStatusCallback_2: (+1)
   \   0000004A   0x.... 0x....      BL       ?Subroutine3
    327                      
    328                        //MN
    329              emberAfDebugPrintln("Reached emberAfStackStatusCallback line 315 Aurora_dimmer_callbacks");
   \                     ??CrossCallReturnLabel_10: (+1)
   \   0000004E   0x.... 0x....      ADR.W    R1,?_11
   \                     ??emberAfStackStatusCallback_3: (+1)
   \   00000052   0x.... 0x....      BL       ?Subroutine2
    330                      
    331                      break;
    332          
    333                  default:
    334                    break;
    335              }
    336          
    337              
    338              
    339              return FALSE;
   \                     ??CrossCallReturnLabel_4: (+1)
   \   00000056   0x2000             MOVS     R0,#+0
   \   00000058   0xBD10             POP      {R4,PC}          ;; return
    340          }

   \                                 In section .text, align 2, keep-with-next
   \                     ?Subroutine3: (+1)
   \   00000000   0x2100             MOVS     R1,#+0
   \   00000002   0x200F             MOVS     R0,#+15
   \   00000004   0x.... 0x....      B.W      emberAfPluginAuroraButtonJoiningUpdateDeviceStateFlags
    341          
    342          /** @brief Finished
    343           *
    344           * This callback is fired when the network-find plugin is finished with the
    345           * forming or joining process.  The result of the operation will be returned in
    346           * the status parameter.
    347           *
    348           * @param status   Ver.: always
    349           */

   \                                 In section .text, align 2, keep-with-next
    350          void emberAfPluginNetworkFindFinishedCallback(EmberStatus status)
    351          {
   \                     emberAfPluginNetworkFindFinishedCallback: (+1)
   \   00000000   0xB510             PUSH     {R4,LR}
   \   00000002   0x4604             MOV      R4,R0
    352            //MN
    353            emberAfDebugPrintln("Reached emberAfPluginNetworkFindFinishedCallback line 341 Aurora_dimmer_callbacks");
   \   00000004   0x.... 0x....      ADR.W    R1,?_12
   \   00000008   0x.... 0x....      BL       ?Subroutine2
    354          
    355              if (status != EMBER_SUCCESS) 
   \                     ??CrossCallReturnLabel_3: (+1)
   \   0000000C   0xB12C             CBZ.N    R4,??CrossCallReturnLabel_2
    356              {
    357                  emberAfPluginAuroraButtonJoiningUpdateDeviceStateFlags(DEVICE_STATE_CLEAR_MASK, DEVICE_STATE_FLAGS_CLEAR);
   \   0000000E   0x.... 0x....      BL       ?Subroutine3
    358             
    359            //MN
    360            emberAfDebugPrintln("Reached emberAfPluginNetworkFindFinishedCallback line 351 Aurora_dimmer_callbacks");
   \                     ??CrossCallReturnLabel_9: (+1)
   \   00000012   0x.... 0x....      ADR.W    R1,?_13
   \   00000016   0x.... 0x....      BL       ?Subroutine2
    361          
    362            //delay(1000); //wait 1 second before trying again
    363            
    364            //emberAfPluginAuroraButtonJoiningJoinNetwork(); //this will put AONE back into pairing mdoe if pairing wasn't successful
    365          
    366            
    367              }
    368          
    369              emberAfPluginAuroraButtonJoiningClearJoiningFlag();
   \                     ??CrossCallReturnLabel_2: (+1)
   \   0000001A   0xE8BD 0x4010      POP      {R4,LR}
   \   0000001E   0x.... 0x....      B.W      emberAfPluginAuroraButtonJoiningClearJoiningFlag
    370          
    371          }
    372          
    373          
    374          /** @brief Image Notify
    375           *
    376           * 
    377           *
    378           * @param payloadType   Ver.: always
    379           * @param queryJitter   Ver.: always
    380           * @param manufacturerId   Ver.: always
    381           * @param imageType   Ver.: always
    382           * @param newFileVersion   Ver.: always
    383           */

   \                                 In section .text, align 2, keep-with-next
    384          boolean emberAfOtaBootloadClusterImageNotifyCallback(int8u payloadType,
    385                                                               int8u queryJitter,
    386                                                               int16u manufacturerId,
    387                                                               int16u imageType,
    388                                                               int32u newFileVersion)
    389          {
    390            return FALSE;
   \                     emberAfOtaBootloadClusterImageNotifyCallback: (+1)
   \   00000000   0x2000             MOVS     R0,#+0
   \   00000002   0x4770             BX       LR               ;; return
    391          }
    392          
    393          /** @brief callback for setting the level
    394           *
    395           * This controls the level of the light. Currently just recalculates the RGB values based 
    396           * on the new level and moves to that colour.
    397           */

   \                                 In section .text, align 2, keep-with-next
    398          void emberAfPluginAuroraLevelControlSetNewLevelCallback(int8u newLevel)
    399          {
   \                     emberAfPluginAuroraLevelControlSetNewLevelCallback: (+1)
   \   00000000   0xB510             PUSH     {R4,LR}
   \   00000002   0x4604             MOV      R4,R0
    400              emberAfDebugPrintln("SetNewLevel %d", newLevel);
   \   00000004   0x4622             MOV      R2,R4
   \   00000006   0x.... 0x....      ADR.W    R1,?_14
   \   0000000A   0x2002             MOVS     R0,#+2
   \   0000000C   0x.... 0x....      BL       emberAfPrintln
    401              
    402              int8u mode = getAuroraDimmerMode();    
   \   00000010   0x.... 0x....      BL       getAuroraDimmerMode
    403              //emberAfDebugPrintln("AURORA_MODE=%d", mode);    
    404              switch (mode) 
   \   00000014   0x2802             CMP      R0,#+2
   \   00000016   0xD904             BLS.N    ??emberAfPluginAuroraLevelControlSetNewLevelCal_0
   \   00000018   0x1EC1             SUBS     R1,R0,#+3
   \   0000001A   0xD106             BNE.N    ??emberAfPluginAuroraLevelControlSetNewLevelCal_1
    405              {
    406                  case AURORA_MODE_RGBW:
    407                  case AURORA_MODE_CX:
    408                  case AURORA_MODE_DIM:
    409                  {
    410                      emberAfPluginAuroraColourControlSetNewLevel();
    411                      break;
    412                  }    
    413                  case AURORA_MODE_PLC:
    414                  {
    415                      plcSendSetPowerLevelCommand(newLevel);
   \   0000001C   0x4620             MOV      R0,R4
   \   0000001E   0x.... 0x....      BL       plcSendSetPowerLevelCommand
    416                      emberAfPluginAuroraColourControlSetNewLevel();
   \                     ??emberAfPluginAuroraLevelControlSetNewLevelCal_0: (+1)
   \   00000022   0xE8BD 0x4010      POP      {R4,LR}
   \   00000026   0x.... 0x....      B.W      emberAfPluginAuroraColourControlSetNewLevel
    417                      break;
    418                  }    
    419                  default:
    420                  {
    421                      emberAfDebugPrint("inv mode (0x%x)\r\n", mode);
   \                     ??emberAfPluginAuroraLevelControlSetNewLevelCal_1: (+1)
   \   0000002A   0x....             B.N      ?Subroutine1
    422                      break;
    423                  }
    424              }
    425          }

   \                                 In section .text, align 2, keep-with-next
   \                     ?Subroutine1: (+1)
   \   00000000   0xE8BD 0x4010      POP      {R4,LR}
   \   00000004   0x4602             MOV      R2,R0
   \   00000006   0x.... 0x....      ADR.W    R1,?_15
   \   0000000A   0x2002             MOVS     R0,#+2
   \   0000000C   0x.... 0x....      B.W      emberAfPrint
    426          
    427          /** @brief Set the colour on the LED
    428           *
    429           * Set the RGB colour on the led.
    430           */

   \                                 In section .text, align 2, keep-with-next
    431          void emberAfPluginAuroraColourControlSetRgbColorCallback(t_RGB* RGB)
    432          {
   \                     emberAfPluginAuroraColourControlSetRgbColorCallback: (+1)
   \   00000000   0xB510             PUSH     {R4,LR}
   \   00000002   0x4604             MOV      R4,R0
    433              emberAfDebugPrintln("Set Color");
   \   00000004   0x.... 0x....      ADR.W    R1,?_16
   \   00000008   0x.... 0x....      BL       ?Subroutine2
    434              
    435              int8u mode = getAuroraDimmerMode();  
   \                     ??CrossCallReturnLabel_1: (+1)
   \   0000000C   0x.... 0x....      BL       getAuroraDimmerMode
    436              //emberAfDebugPrintln("AURORA_MODE=%d", mode);    
    437              switch (mode) 
   \   00000010   0x2802             CMP      R0,#+2
   \   00000012   0xD902             BLS.N    ??emberAfPluginAuroraColourControlSetRgbColorCa_0
   \   00000014   0x1EC1             SUBS     R1,R0,#+3
   \   00000016   0xD008             BEQ.N    ??emberAfPluginAuroraColourControlSetRgbColorCa_1
   \   00000018   0xE012             B.N      ??emberAfPluginAuroraColourControlSetRgbColorCa_2
    438              {
    439                  case AURORA_MODE_RGBW:
    440                  case AURORA_MODE_CX:
    441                  case AURORA_MODE_DIM:
    442                  {
    443                      emberAfPluginAuroraPwmSetDutyCycle(RGB);
   \                     ??emberAfPluginAuroraColourControlSetRgbColorCa_0: (+1)
   \   0000001A   0x4620             MOV      R0,R4
   \   0000001C   0x.... 0x....      BL       emberAfPluginAuroraPwmSetDutyCycle
    444                      emberAfPluginAuroraHostProtocolSetRgbColor(RGB);            
   \   00000020   0x4620             MOV      R0,R4
   \   00000022   0xE8BD 0x4010      POP      {R4,LR}
   \   00000026   0x.... 0x....      B.W      emberAfPluginAuroraHostProtocolSetRgbColor
    445                      break;
    446                  }    
    447                  case AURORA_MODE_PLC:
    448                  {
    449                      emberAfPluginAuroraPwmSetDutyCycle(RGB);
   \                     ??emberAfPluginAuroraColourControlSetRgbColorCa_1: (+1)
   \   0000002A   0x4620             MOV      R0,R4
   \   0000002C   0x.... 0x....      BL       emberAfPluginAuroraPwmSetDutyCycle
    450                      plcSendSetColorCommand(RGB->R, RGB->G, RGB->B, RGB->W);            
   \   00000030   0x78E3             LDRB     R3,[R4, #+3]
   \   00000032   0x78A2             LDRB     R2,[R4, #+2]
   \   00000034   0x7861             LDRB     R1,[R4, #+1]
   \   00000036   0x7820             LDRB     R0,[R4, #+0]
   \   00000038   0xE8BD 0x4010      POP      {R4,LR}
   \   0000003C   0x.... 0x....      B.W      plcSendSetColorCommand
    451                      break;
    452                  }   
    453                  default:
    454                  {
    455                      emberAfDebugPrint("inv mode (0x%x)\r\n", mode);
   \                     ??emberAfPluginAuroraColourControlSetRgbColorCa_2: (+1)
   \   00000040                      REQUIRE ?Subroutine1
   \   00000040                      ;; // Fall through to label ?Subroutine1
    456                      break;
    457                  }
    458              }
    459          }
    460          

   \                                 In section .text, align 2, keep-with-next
    461          void emberAfOnOffClusterSetNewValueCallback(boolean newValue)
    462          {
   \                     emberAfOnOffClusterSetNewValueCallback: (+1)
   \   00000000   0xB510             PUSH     {R4,LR}
   \   00000002   0x4604             MOV      R4,R0
    463              emberAfDebugPrint("SET ON/OFF\r\n");
   \   00000004   0x.... 0x....      ADR.W    R1,?_17
   \   00000008   0x2002             MOVS     R0,#+2
   \   0000000A   0x.... 0x....      BL       emberAfPrint
    464              
    465              int8u mode = getAuroraDimmerMode();        
   \   0000000E   0x.... 0x....      BL       getAuroraDimmerMode
    466              //emberAfDebugPrintln("AURORA_MODE=%d", mode);    
    467              switch (mode) 
   \   00000012   0x2802             CMP      R0,#+2
   \   00000014   0xD902             BLS.N    ??emberAfOnOffClusterSetNewValueCallback_0
   \   00000016   0x1EC1             SUBS     R1,R0,#+3
   \   00000018   0xD005             BEQ.N    ??emberAfOnOffClusterSetNewValueCallback_1
   \   0000001A   0xE011             B.N      ??emberAfOnOffClusterSetNewValueCallback_2
    468              {
    469                  case AURORA_MODE_RGBW:
    470                  case AURORA_MODE_CX:
    471                  case AURORA_MODE_DIM:
    472                  {
    473                      emberAfPluginAuroraColourControlSetOnOff(newValue);            
   \                     ??emberAfOnOffClusterSetNewValueCallback_0: (+1)
   \   0000001C   0x4620             MOV      R0,R4
   \   0000001E   0xE8BD 0x4010      POP      {R4,LR}
   \   00000022   0x.... 0x....      B.W      emberAfPluginAuroraColourControlSetOnOff
    474                      break;
    475                  }    
    476                  case AURORA_MODE_PLC:
    477                  {
    478                      emberAfPluginAuroraColourControlSetOnOff(newValue);
   \                     ??emberAfOnOffClusterSetNewValueCallback_1: (+1)
   \   00000026   0x4620             MOV      R0,R4
   \   00000028   0x.... 0x....      BL       emberAfPluginAuroraColourControlSetOnOff
    479                      if (newValue) 
   \   0000002C   0x2C00             CMP      R4,#+0
   \   0000002E   0xBF1C             ITT      NE 
    480                      {
    481                          plcSendOnCommand();
   \   00000030   0xE8BD 0x4010      POPNE    {R4,LR}
   \   00000034   0x.... 0x....      BNE.W    plcSendOnCommand
    482                      } 
    483                      else 
    484                      {
    485                          plcSendOffCommand();
   \   00000038   0xE8BD 0x4010      POP      {R4,LR}
   \   0000003C   0x.... 0x....      B.W      plcSendOffCommand
    486                      }
    487                      
    488                      break;
    489                  }    
    490                  default:
    491                  {
    492                      emberAfDebugPrintln("inv mode %d", mode);
   \                     ??emberAfOnOffClusterSetNewValueCallback_2: (+1)
   \   00000040   0xE8BD 0x4010      POP      {R4,LR}
   \   00000044   0x4602             MOV      R2,R0
   \   00000046   0x.... 0x....      ADR.W    R1,?_18
   \   0000004A   0x2002             MOVS     R0,#+2
   \   0000004C   0x.... 0x....      B.W      emberAfPrintln
    493                      break;
    494                  }
    495              }
    496          }
    497          
    498          #define EMBER_ZCL_TUNNELING_PROTOCOL_ID_AURORA_PLC               0xC8
    499          
    500          /** @brief Is Protocol Supported
    501           *
    502           * This function is called by the Tunneling server plugin whenever a Request
    503           * Tunnel command is received.  The application should return TRUE if the
    504           * protocol is supported and FALSE otherwise.
    505           *
    506           * @param protocolId The identifier of the metering communication protocol for
    507           * which the tunnel is requested.  Ver.: always
    508           * @param manufacturerCode The manufacturer code for manufacturer-defined
    509           * protocols or 0xFFFF in unused.  Ver.: always
    510           */

   \                                 In section .text, align 2, keep-with-next
    511          boolean emberAfPluginAuroraTunnelingServerIsProtocolSupportedCallback(int8u protocolId,
    512                                                                                int16u manufacturerCode)
    513          {
    514              if ((protocolId == EMBER_ZCL_TUNNELING_PROTOCOL_ID_AURORA_PLC) && 
    515                  (manufacturerCode == EMBER_AF_MANUFACTURER_CODE)) 
   \                     emberAfPluginAuroraTunnelingServerIsProtocolSupportedCallback: (+1)
   \   00000000   0x28C8             CMP      R0,#+200
   \   00000002   0xBF04             ITT      EQ 
   \   00000004   0xF241 0x0010      MOVWEQ   R0,#+4112
   \   00000008   0x4281             CMPEQ    R1,R0
   \   0000000A   0xD101             BNE.N    ??emberAfPluginAuroraTunnelingServerIsProtocolS_0
    516              {
    517                  return TRUE;
   \   0000000C   0x2001             MOVS     R0,#+1
   \   0000000E   0x4770             BX       LR
    518              }
    519          
    520            return FALSE;
   \                     ??emberAfPluginAuroraTunnelingServerIsProtocolS_0: (+1)
   \   00000010   0x2000             MOVS     R0,#+0
   \   00000012   0x4770             BX       LR               ;; return
    521          }
    522          
    523          /** @brief Data Received
    524           *
    525           * This function is called by the Tunneling server plugin whenever data is
    526           * received from a client through a tunnel.
    527           *
    528           * @param tunnelId The identifier of the tunnel through which the data was
    529           * received.  Ver.: always
    530           * @param data Buffer containing the raw octets of the data.  Ver.: always
    531           * @param dataLen The length in octets of the data.  Ver.: always
    532           */

   \                                 In section .text, align 2, keep-with-next
    533          void emberAfPluginAuroraTunnelingServerDataReceivedCallback(int16u tunnelId,
    534                                                                      int8u* data,
    535                                                                      int16u dataLen)
    536          {
   \                     emberAfPluginAuroraTunnelingServerDataReceivedCallback: (+1)
   \   00000000   0x4608             MOV      R0,R1
    537              // Strip off the length byte[0] that is included by the CICIE firmware
    538              dataLen--;
    539              plcSendTunnelCommand(&data[1], (int8u)dataLen);
   \   00000002   0x1E51             SUBS     R1,R2,#+1
   \   00000004   0xB2C9             UXTB     R1,R1
   \   00000006   0x1C40             ADDS     R0,R0,#+1
   \   00000008   0x.... 0x....      B.W      plcSendTunnelCommand
    540          }
    541          
    542          /** @brief Tunnel Closed
    543           *
    544           * This function is called by the Tunneling server plugin whenever a tunnel is
    545           * closed.  Clients may close tunnels by sending a Close Tunnel command.  The
    546           * server can preemptively close inactive tunnels after a timeout.
    547           *
    548           * @param tunnelId The identifier of the tunnel that has been closed.  Ver.:
    549           * always
    550           * @param clientInitiated TRUE if the client initiated the closing of the tunnel
    551           * or FALSE if the server closed the tunnel due to inactivity.  Ver.: always
    552           */

   \                                 In section .text, align 2, keep-with-next
    553          void emberAfPluginAuroraTunnelingServerTunnelClosedCallback(int16u tunnelId,
    554                                                                      boolean clientInitiated)
    555          {
    556              memset((void*)&tunnelStatus, 0, sizeof(tTunnelStatus));
   \                     emberAfPluginAuroraTunnelingServerTunnelClosedCallback: (+1)
   \   00000000   0x....             LDR.N    R0,??DataTable23_3
   \   00000002   0x2100             MOVS     R1,#+0
   \   00000004   0x2200             MOVS     R2,#+0
   \   00000006   0x460B             MOV      R3,R1
   \   00000008   0xC00E             STM      R0!,{R1-R3}
    557          }
   \   0000000A   0x4770             BX       LR               ;; return
    558          
    559          /** @brief Tunnel Opened
    560           *
    561           * This function is called by the Tunneling server plugin whenever a tunnel is
    562           * opened.  Clients may open tunnels by sending a Request Tunnel command.
    563           *
    564           * @param tunnelId The identifier of the tunnel that has been opened.  Ver.:
    565           * always
    566           * @param protocolId The identifier of the metering communication protocol for
    567           * the tunnel.  Ver.: always
    568           * @param manufacturerCode The manufacturer code for manufacturer-defined
    569           * protocols or 0xFFFF in unused.  Ver.: always
    570           * @param flowControlSupport TRUE is flow control support is requested or FALSE
    571           * if it is not.  Ver.: always
    572           * @param maximumIncomingTransferSize The maximum incoming transfer size of the
    573           * client.  Ver.: always
    574           */

   \                                 In section .text, align 2, keep-with-next
    575          void emberAfPluginAuroraTunnelingServerTunnelOpenedCallback(int16u tunnelId,
    576                                                                      int8u protocolId,
    577                                                                      int16u manufacturerCode,
    578                                                                      boolean flowControlSupport,
    579                                                                      int16u maximumIncomingTransferSize)
    580          {
   \                     emberAfPluginAuroraTunnelingServerTunnelOpenedCallback: (+1)
   \   00000000   0xB530             PUSH     {R4,R5,LR}
    581              // Indicate that the tunnel is open and save tunnel data locally
    582              tunnelStatus.open = TRUE;
   \   00000002   0x....             LDR.N    R4,??DataTable23_3
    583              tunnelStatus.tunnelId = tunnelId;
   \   00000004   0x8060             STRH     R0,[R4, #+2]
   \   00000006   0x2501             MOVS     R5,#+1
    584              tunnelStatus.protocolId = protocolId;
    585              tunnelStatus.manufacturerCode = manufacturerCode;
    586              tunnelStatus.flowControlSupport = flowControlSupport;
    587              tunnelStatus.maximumIncomingTransferSize = maximumIncomingTransferSize;
   \   00000008   0x9803             LDR      R0,[SP, #+12]
   \   0000000A   0x7025             STRB     R5,[R4, #+0]
   \   0000000C   0x7121             STRB     R1,[R4, #+4]
   \   0000000E   0x80E2             STRH     R2,[R4, #+6]
   \   00000010   0x7223             STRB     R3,[R4, #+8]
   \   00000012   0x8160             STRH     R0,[R4, #+10]
    588          }
   \   00000014   0xBD30             POP      {R4,R5,PC}       ;; return
    589          
    590          /** @brief Tunnel Server to Client transfer
    591           *
    592           * If the tunnel is open, sends tunnel data to client
    593           */

   \                                 In section .text, align 2, keep-with-next
    594          void emberAfPluginAuroraHostProcessTunnelResponseCallback(int8u *data, int8u size)
    595          {
    596              // The data includes the length byte at the start.
    597              if (tunnelStatus.open) 
   \                     emberAfPluginAuroraHostProcessTunnelResponseCallback: (+1)
   \   00000000   0x....             LDR.N    R3,??DataTable23_3
   \   00000002   0x781A             LDRB     R2,[R3, #+0]
   \   00000004   0xB122             CBZ.N    R2,??emberAfPluginAuroraHostProcessTunnelResponseC_0
    598              {
    599                  emberAfPluginTunnelingServerTransferData(tunnelStatus.tunnelId, data, size);
   \   00000006   0x460A             MOV      R2,R1
   \   00000008   0x4601             MOV      R1,R0
   \   0000000A   0x8858             LDRH     R0,[R3, #+2]
   \   0000000C   0x.... 0x....      B.W      emberAfPluginTunnelingServerTransferData
    600              }
    601          }
   \                     ??emberAfPluginAuroraHostProcessTunnelResponseC_0: (+1)
   \   00000010   0x4770             BX       LR               ;; return
    602          

   \                                 In section .text, align 2, keep-with-next
    603          void calculateEventDuration_and_stepSize(int16u transitionTimeMs, int16u amount, int32u* eventDurationMs, int16u* stepSize) 
    604          {
   \                     calculateEventDuration_and_stepSize: (+1)
   \   00000000   0xE92D 0x41F0      PUSH     {R4-R8,LR}
   \   00000004   0x000E             MOVS     R6,R1
   \   00000006   0x4680             MOV      R8,R0
   \   00000008   0x4614             MOV      R4,R2
   \   0000000A   0x461D             MOV      R5,R3
    605              // Helper fn calculates event duration & step size for given transition time & amount.
    606                 
    607              #define MAX_EVENT_DURATION_MS    MILLISECOND_TICKS_PER_SECOND * 5     // Define a realistic maximum event duration.
    608              
    609              int16u noOfSteps;
    610                 
    611              if (amount == 0)
   \   0000000C   0xD106             BNE.N    ??calculateEventDuration_and_stepSize_0
    612              {
    613                  emberAfDebugPrintln("invalid amount");
   \   0000000E   0x.... 0x....      ADR.W    R1,?_19
   \   00000012   0x.... 0x....      BL       ?Subroutine2
    614                  *eventDurationMs = 0; 
   \                     ??CrossCallReturnLabel_0: (+1)
   \   00000016   0x2000             MOVS     R0,#+0
   \   00000018   0x6020             STR      R0,[R4, #+0]
    615                  *stepSize = 0;        
   \   0000001A   0xE01D             B.N      ??calculateEventDuration_and_stepSize_1
    616                  return;
    617              }
    618              
    619              if (transitionTimeMs == 0)
   \                     ??calculateEventDuration_and_stepSize_0: (+1)
   \   0000001C   0xF1B8 0x0F00      CMP      R8,#+0
   \   00000020   0xD102             BNE.N    ??calculateEventDuration_and_stepSize_2
    620              {
    621                  *eventDurationMs = 0; // Will schedule a single event.
   \   00000022   0x6020             STR      R0,[R4, #+0]
    622                  *stepSize = amount;
   \   00000024   0x802E             STRH     R6,[R5, #+0]
    623                  noOfSteps = 1;
   \   00000026   0xE018             B.N      ??calculateEventDuration_and_stepSize_3
    624              }
    625              else
    626              {
    627                  *eventDurationMs = transitionTimeMs / amount; 
   \                     ??calculateEventDuration_and_stepSize_2: (+1)
   \   00000028   0xFB98 0xF0F6      SDIV     R0,R8,R6
   \   0000002C   0x6020             STR      R0,[R4, #+0]
    628                  
    629                  int32u minEventDuration = MILLISECOND_TICKS_PER_DECISECOND;  //100mS
   \   0000002E   0x2766             MOVS     R7,#+102
    630                  int32u maxEventDuration = MAX_EVENT_DURATION_MS;  // apply a realistic maximum event duration.        
    631                  if (getAuroraDimmerMode() == AURORA_MODE_DIM)
   \   00000030   0x.... 0x....      BL       getAuroraDimmerMode
   \   00000034   0x2802             CMP      R0,#+2
    632                  {
    633                      minEventDuration = (MILLISECOND_TICKS_PER_DECISECOND * 3);  //300mS
    634                  }
    635                  
    636                  if (*eventDurationMs < minEventDuration)
   \   00000036   0x6820             LDR      R0,[R4, #+0]
   \   00000038   0xBF08             IT       EQ 
   \   0000003A   0xF44F 0x7799      MOVEQ    R7,#+306
   \   0000003E   0x42B8             CMP      R0,R7
   \   00000040   0xBF38             IT       CC 
   \   00000042   0x6027             STRCC    R7,[R4, #+0]
    637                  {
    638                      *eventDurationMs = minEventDuration;
   \   00000044   0xD30F             BCC.N    ??calculateEventDuration_and_stepSize_4
    639                  }
    640                  else
    641                  if (*eventDurationMs > maxEventDuration)
   \   00000046   0xF5B0 0x5FA0      CMP      R0,#+5120
   \   0000004A   0xD908             BLS.N    ??calculateEventDuration_and_stepSize_5
    642                  {
    643                      *eventDurationMs = maxEventDuration;
   \   0000004C   0xF44F 0x50A0      MOV      R0,#+5120
   \   00000050   0x6020             STR      R0,[R4, #+0]
    644                  }
    645                  
    646                  while (*eventDurationMs < maxEventDuration)
    647                  {    
    648                      noOfSteps = transitionTimeMs / *eventDurationMs;  
    649                      if (noOfSteps < 1)
    650                      {
    651                          noOfSteps = 1;   // apply min no of steps.
    652                      }   
    653                      *stepSize = amount / noOfSteps;        
    654                      if (*stepSize != 0)
    655                      {
    656                          break;      
    657                      }        
    658                      *eventDurationMs += 100;  // Add 100ms to event duration and recalculate steps.
    659                  }  
    660                  
    661                  if (*stepSize == 0)
   \                     ??calculateEventDuration_and_stepSize_6: (+1)
   \   00000052   0x8828             LDRH     R0,[R5, #+0]
   \   00000054   0xB908             CBNZ.N   R0,??calculateEventDuration_and_stepSize_3
    662                  {
    663                      *stepSize = 1;  // Finally apply minimum limit to step size.
   \   00000056   0x2001             MOVS     R0,#+1
   \                     ??calculateEventDuration_and_stepSize_1: (+1)
   \   00000058   0x8028             STRH     R0,[R5, #+0]
    664                  }    
    665              }
    666              
    667              //emberAfDebugPrintln("move cfg: eventDurationMs=%d, noOfSteps=%d, stepSize=%d", *eventDurationMs, noOfSteps, *stepSize);
    668          }
   \                     ??calculateEventDuration_and_stepSize_3: (+1)
   \   0000005A   0xE8BD 0x81F0      POP      {R4-R8,PC}       ;; return
   \                     ??calculateEventDuration_and_stepSize_5: (+1)
   \   0000005E   0x6820             LDR      R0,[R4, #+0]
   \   00000060   0xF5B0 0x5FA0      CMP      R0,#+5120
   \   00000064   0xD2F5             BCS.N    ??calculateEventDuration_and_stepSize_6
   \                     ??calculateEventDuration_and_stepSize_4: (+1)
   \   00000066   0x6820             LDR      R0,[R4, #+0]
   \   00000068   0xFBB8 0xF1F0      UDIV     R1,R8,R0
   \   0000006C   0xB289             UXTH     R1,R1
   \   0000006E   0xB901             CBNZ.N   R1,??calculateEventDuration_and_stepSize_7
   \   00000070   0x2101             MOVS     R1,#+1
   \                     ??calculateEventDuration_and_stepSize_7: (+1)
   \   00000072   0xFB96 0xF1F1      SDIV     R1,R6,R1
   \   00000076   0x8029             STRH     R1,[R5, #+0]
   \   00000078   0x8829             LDRH     R1,[R5, #+0]
   \   0000007A   0x2900             CMP      R1,#+0
   \   0000007C   0xD1E9             BNE.N    ??calculateEventDuration_and_stepSize_6
   \   0000007E   0x3064             ADDS     R0,R0,#+100
   \   00000080   0x6020             STR      R0,[R4, #+0]
   \   00000082   0xE7EC             B.N      ??calculateEventDuration_and_stepSize_5

   \                                 In section .text, align 4, keep-with-next
   \                     ??DataTable23:
   \   00000000   0x43 0x58          DC8      0x43, 0x58, 0x00, 0x00
   \              0x00 0x00    

   \                                 In section .text, align 4, keep-with-next
   \                     ??DataTable23_1:
   \   00000000   0x44 0x49          DC8      "DIM"
   \              0x4D 0x00    

   \                                 In section .text, align 4, keep-with-next
   \                     ??DataTable23_2:
   \   00000000   0x50 0x4C          DC8      "PLC"
   \              0x43 0x00    

   \                                 In section .text, align 4, keep-with-next
   \                     ??DataTable23_3:
   \   00000000   0x........         DC32     tunnelStatus

   \                                 In section .rodata, align 4, keep-with-next
   \                     ?_4:
   \   00000000   0x43 0x58          DC8 "CX"
   \              0x00         
   \   00000003   0x00               DC8 0

   \                                 In section .rodata, align 4, keep-with-next
   \                     ?_5:
   \   00000000   0x44 0x49          DC8 "DIM"
   \              0x4D 0x00    

   \                                 In section .rodata, align 4, keep-with-next
   \                     ?_6:
   \   00000000   0x50 0x4C          DC8 "PLC"
   \              0x43 0x00    

   \                                 In section .text, align 4, keep-with-next
   \                     ?_0:
   \   00000000   0x0D 0x0A          DC8 "\015\012*** Aurora Light Dimmmer ***"
   \              0x2A 0x2A    
   \              0x2A 0x20    
   \              0x41 0x75    
   \              0x72 0x6F    
   \              0x72 0x61    
   \              0x20 0x4C    
   \              0x69 0x67    
   \              0x68 0x74    
   \              0x20 0x44    
   \              0x69 0x6D    
   \              0x6D 0x6D    
   \              0x65 0x72    
   \              0x20 0x2A    
   \              0x2A 0x2A    
   \              0x00         
   \   0000001F   0x00               DC8 0

   \                                 In section .text, align 4, keep-with-next
   \                     ?_1:
   \   00000000   0x4D 0x6F          DC8 "Module fw version: 0x%2X"
   \              0x64 0x75    
   \              0x6C 0x65    
   \              0x20 0x66    
   \              0x77 0x20    
   \              0x76 0x65    
   \              0x72 0x73    
   \              0x69 0x6F    
   \              0x6E 0x3A    
   \              0x20 0x30    
   \              0x78 0x25    
   \              0x32 0x58    
   \              0x00         
   \   00000019   0x00 0x00          DC8 0, 0, 0
   \              0x00         

   \                                 In section .text, align 4, keep-with-next
   \                     ?_2:
   \   00000000   0x41 0x55          DC8 "AURORA_MODE=%d, "
   \              0x52 0x4F    
   \              0x52 0x41    
   \              0x5F 0x4D    
   \              0x4F 0x44    
   \              0x45 0x3D    
   \              0x25 0x64    
   \              0x2C 0x20    
   \              0x00         
   \   00000011   0x00 0x00          DC8 0, 0, 0
   \              0x00         

   \                                 In section .text, align 4, keep-with-next
   \                     ?_3:
   \   00000000   0x52 0x47          DC8 "RGBW"
   \              0x42 0x57    
   \              0x00         
   \   00000005   0x00 0x00          DC8 0, 0, 0
   \              0x00         

   \                                 In section .text, align 4, keep-with-next
   \                     ?_7:
   \   00000000   0x49 0x6E          DC8 "Invalid"
   \              0x76 0x61    
   \              0x6C 0x69    
   \              0x64 0x00    

   \                                 In section .text, align 4, keep-with-next
   \                     ?_8:
   \   00000000   0x52 0x65          DC8 52H, 65H, 61H, 63H, 68H, 65H, 64H, 20H
   \              0x61 0x63    
   \              0x68 0x65    
   \              0x64 0x20    
   \   00000008   0x65 0x6D          DC8 65H, 6DH, 62H, 65H, 72H, 41H, 66H, 53H
   \              0x62 0x65    
   \              0x72 0x41    
   \              0x66 0x53    
   \   00000010   0x74 0x61          DC8 74H, 61H, 63H, 6BH, 53H, 74H, 61H, 74H
   \              0x63 0x6B    
   \              0x53 0x74    
   \              0x61 0x74    
   \   00000018   0x75 0x73          DC8 75H, 73H, 43H, 61H, 6CH, 6CH, 62H, 61H
   \              0x43 0x61    
   \              0x6C 0x6C    
   \              0x62 0x61    
   \   00000020   0x63 0x6B          DC8 63H, 6BH, 20H, 6CH, 69H, 6EH, 65H, 20H
   \              0x20 0x6C    
   \              0x69 0x6E    
   \              0x65 0x20    
   \   00000028   0x32 0x38          DC8 32H, 38H, 35H, 20H, 41H, 75H, 72H, 6FH
   \              0x35 0x20    
   \              0x41 0x75    
   \              0x72 0x6F    
   \   00000030   0x72 0x61          DC8 72H, 61H, 5FH, 64H, 69H, 6DH, 6DH, 65H
   \              0x5F 0x64    
   \              0x69 0x6D    
   \              0x6D 0x65    
   \   00000038   0x72 0x5F          DC8 72H, 5FH, 63H, 61H, 6CH, 6CH, 62H, 61H
   \              0x63 0x61    
   \              0x6C 0x6C    
   \              0x62 0x61    
   \   00000040   0x63 0x6B          DC8 63H, 6BH, 73H, 0
   \              0x73 0x00    

   \                                 In section .text, align 4, keep-with-next
   \                     ?_9:
   \   00000000   0x52 0x65          DC8 52H, 65H, 61H, 63H, 68H, 65H, 64H, 20H
   \              0x61 0x63    
   \              0x68 0x65    
   \              0x64 0x20    
   \   00000008   0x65 0x6D          DC8 65H, 6DH, 62H, 65H, 72H, 41H, 66H, 53H
   \              0x62 0x65    
   \              0x72 0x41    
   \              0x66 0x53    
   \   00000010   0x74 0x61          DC8 74H, 61H, 63H, 6BH, 53H, 74H, 61H, 74H
   \              0x63 0x6B    
   \              0x53 0x74    
   \              0x61 0x74    
   \   00000018   0x75 0x73          DC8 75H, 73H, 43H, 61H, 6CH, 6CH, 62H, 61H
   \              0x43 0x61    
   \              0x6C 0x6C    
   \              0x62 0x61    
   \   00000020   0x63 0x6B          DC8 63H, 6BH, 20H, 6CH, 69H, 6EH, 65H, 20H
   \              0x20 0x6C    
   \              0x69 0x6E    
   \              0x65 0x20    
   \   00000028   0x32 0x39          DC8 32H, 39H, 34H, 20H, 41H, 75H, 72H, 6FH
   \              0x34 0x20    
   \              0x41 0x75    
   \              0x72 0x6F    
   \   00000030   0x72 0x61          DC8 72H, 61H, 5FH, 64H, 69H, 6DH, 6DH, 65H
   \              0x5F 0x64    
   \              0x69 0x6D    
   \              0x6D 0x65    
   \   00000038   0x72 0x5F          DC8 72H, 5FH, 63H, 61H, 6CH, 6CH, 62H, 61H
   \              0x63 0x61    
   \              0x6C 0x6C    
   \              0x62 0x61    
   \   00000040   0x63 0x6B          DC8 63H, 6BH, 73H, 0
   \              0x73 0x00    

   \                                 In section .text, align 4, keep-with-next
   \                     ?_10:
   \   00000000   0x52 0x65          DC8 52H, 65H, 61H, 63H, 68H, 65H, 64H, 20H
   \              0x61 0x63    
   \              0x68 0x65    
   \              0x64 0x20    
   \   00000008   0x65 0x6D          DC8 65H, 6DH, 62H, 65H, 72H, 41H, 66H, 53H
   \              0x62 0x65    
   \              0x72 0x41    
   \              0x66 0x53    
   \   00000010   0x74 0x61          DC8 74H, 61H, 63H, 6BH, 53H, 74H, 61H, 74H
   \              0x63 0x6B    
   \              0x53 0x74    
   \              0x61 0x74    
   \   00000018   0x75 0x73          DC8 75H, 73H, 43H, 61H, 6CH, 6CH, 62H, 61H
   \              0x43 0x61    
   \              0x6C 0x6C    
   \              0x62 0x61    
   \   00000020   0x63 0x6B          DC8 63H, 6BH, 20H, 6CH, 69H, 6EH, 65H, 20H
   \              0x20 0x6C    
   \              0x69 0x6E    
   \              0x65 0x20    
   \   00000028   0x33 0x31          DC8 33H, 31H, 30H, 20H, 41H, 75H, 72H, 6FH
   \              0x30 0x20    
   \              0x41 0x75    
   \              0x72 0x6F    
   \   00000030   0x72 0x61          DC8 72H, 61H, 5FH, 64H, 69H, 6DH, 6DH, 65H
   \              0x5F 0x64    
   \              0x69 0x6D    
   \              0x6D 0x65    
   \   00000038   0x72 0x5F          DC8 72H, 5FH, 63H, 61H, 6CH, 6CH, 62H, 61H
   \              0x63 0x61    
   \              0x6C 0x6C    
   \              0x62 0x61    
   \   00000040   0x63 0x6B          DC8 63H, 6BH, 73H, 0
   \              0x73 0x00    

   \                                 In section .text, align 4, keep-with-next
   \                     ?_11:
   \   00000000   0x52 0x65          DC8 52H, 65H, 61H, 63H, 68H, 65H, 64H, 20H
   \              0x61 0x63    
   \              0x68 0x65    
   \              0x64 0x20    
   \   00000008   0x65 0x6D          DC8 65H, 6DH, 62H, 65H, 72H, 41H, 66H, 53H
   \              0x62 0x65    
   \              0x72 0x41    
   \              0x66 0x53    
   \   00000010   0x74 0x61          DC8 74H, 61H, 63H, 6BH, 53H, 74H, 61H, 74H
   \              0x63 0x6B    
   \              0x53 0x74    
   \              0x61 0x74    
   \   00000018   0x75 0x73          DC8 75H, 73H, 43H, 61H, 6CH, 6CH, 62H, 61H
   \              0x43 0x61    
   \              0x6C 0x6C    
   \              0x62 0x61    
   \   00000020   0x63 0x6B          DC8 63H, 6BH, 20H, 6CH, 69H, 6EH, 65H, 20H
   \              0x20 0x6C    
   \              0x69 0x6E    
   \              0x65 0x20    
   \   00000028   0x33 0x31          DC8 33H, 31H, 35H, 20H, 41H, 75H, 72H, 6FH
   \              0x35 0x20    
   \              0x41 0x75    
   \              0x72 0x6F    
   \   00000030   0x72 0x61          DC8 72H, 61H, 5FH, 64H, 69H, 6DH, 6DH, 65H
   \              0x5F 0x64    
   \              0x69 0x6D    
   \              0x6D 0x65    
   \   00000038   0x72 0x5F          DC8 72H, 5FH, 63H, 61H, 6CH, 6CH, 62H, 61H
   \              0x63 0x61    
   \              0x6C 0x6C    
   \              0x62 0x61    
   \   00000040   0x63 0x6B          DC8 63H, 6BH, 73H, 0
   \              0x73 0x00    

   \                                 In section .text, align 4, keep-with-next
   \                     ?_12:
   \   00000000   0x52 0x65          DC8 52H, 65H, 61H, 63H, 68H, 65H, 64H, 20H
   \              0x61 0x63    
   \              0x68 0x65    
   \              0x64 0x20    
   \   00000008   0x65 0x6D          DC8 65H, 6DH, 62H, 65H, 72H, 41H, 66H, 50H
   \              0x62 0x65    
   \              0x72 0x41    
   \              0x66 0x50    
   \   00000010   0x6C 0x75          DC8 6CH, 75H, 67H, 69H, 6EH, 4EH, 65H, 74H
   \              0x67 0x69    
   \              0x6E 0x4E    
   \              0x65 0x74    
   \   00000018   0x77 0x6F          DC8 77H, 6FH, 72H, 6BH, 46H, 69H, 6EH, 64H
   \              0x72 0x6B    
   \              0x46 0x69    
   \              0x6E 0x64    
   \   00000020   0x46 0x69          DC8 46H, 69H, 6EH, 69H, 73H, 68H, 65H, 64H
   \              0x6E 0x69    
   \              0x73 0x68    
   \              0x65 0x64    
   \   00000028   0x43 0x61          DC8 43H, 61H, 6CH, 6CH, 62H, 61H, 63H, 6BH
   \              0x6C 0x6C    
   \              0x62 0x61    
   \              0x63 0x6B    
   \   00000030   0x20 0x6C          DC8 20H, 6CH, 69H, 6EH, 65H, 20H, 33H, 34H
   \              0x69 0x6E    
   \              0x65 0x20    
   \              0x33 0x34    
   \   00000038   0x31 0x20          DC8 31H, 20H, 41H, 75H, 72H, 6FH, 72H, 61H
   \              0x41 0x75    
   \              0x72 0x6F    
   \              0x72 0x61    
   \   00000040   0x5F 0x64          DC8 5FH, 64H, 69H, 6DH, 6DH, 65H, 72H, 5FH
   \              0x69 0x6D    
   \              0x6D 0x65    
   \              0x72 0x5F    
   \   00000048   0x63 0x61          DC8 63H, 61H, 6CH, 6CH, 62H, 61H, 63H, 6BH
   \              0x6C 0x6C    
   \              0x62 0x61    
   \              0x63 0x6B    
   \   00000050   0x73 0x00          DC8 73H, 0
   \   00000052   0x00 0x00          DC8 0, 0

   \                                 In section .text, align 4, keep-with-next
   \                     ?_13:
   \   00000000   0x52 0x65          DC8 52H, 65H, 61H, 63H, 68H, 65H, 64H, 20H
   \              0x61 0x63    
   \              0x68 0x65    
   \              0x64 0x20    
   \   00000008   0x65 0x6D          DC8 65H, 6DH, 62H, 65H, 72H, 41H, 66H, 50H
   \              0x62 0x65    
   \              0x72 0x41    
   \              0x66 0x50    
   \   00000010   0x6C 0x75          DC8 6CH, 75H, 67H, 69H, 6EH, 4EH, 65H, 74H
   \              0x67 0x69    
   \              0x6E 0x4E    
   \              0x65 0x74    
   \   00000018   0x77 0x6F          DC8 77H, 6FH, 72H, 6BH, 46H, 69H, 6EH, 64H
   \              0x72 0x6B    
   \              0x46 0x69    
   \              0x6E 0x64    
   \   00000020   0x46 0x69          DC8 46H, 69H, 6EH, 69H, 73H, 68H, 65H, 64H
   \              0x6E 0x69    
   \              0x73 0x68    
   \              0x65 0x64    
   \   00000028   0x43 0x61          DC8 43H, 61H, 6CH, 6CH, 62H, 61H, 63H, 6BH
   \              0x6C 0x6C    
   \              0x62 0x61    
   \              0x63 0x6B    
   \   00000030   0x20 0x6C          DC8 20H, 6CH, 69H, 6EH, 65H, 20H, 33H, 35H
   \              0x69 0x6E    
   \              0x65 0x20    
   \              0x33 0x35    
   \   00000038   0x31 0x20          DC8 31H, 20H, 41H, 75H, 72H, 6FH, 72H, 61H
   \              0x41 0x75    
   \              0x72 0x6F    
   \              0x72 0x61    
   \   00000040   0x5F 0x64          DC8 5FH, 64H, 69H, 6DH, 6DH, 65H, 72H, 5FH
   \              0x69 0x6D    
   \              0x6D 0x65    
   \              0x72 0x5F    
   \   00000048   0x63 0x61          DC8 63H, 61H, 6CH, 6CH, 62H, 61H, 63H, 6BH
   \              0x6C 0x6C    
   \              0x62 0x61    
   \              0x63 0x6B    
   \   00000050   0x73 0x00          DC8 73H, 0
   \   00000052   0x00 0x00          DC8 0, 0

   \                                 In section .text, align 4, keep-with-next
   \                     ?_14:
   \   00000000   0x53 0x65          DC8 "SetNewLevel %d"
   \              0x74 0x4E    
   \              0x65 0x77    
   \              0x4C 0x65    
   \              0x76 0x65    
   \              0x6C 0x20    
   \              0x25 0x64    
   \              0x00         
   \   0000000F   0x00               DC8 0

   \                                 In section .text, align 4, keep-with-next
   \                     ?_15:
   \   00000000   0x69 0x6E          DC8 "inv mode (0x%x)\015\012"
   \              0x76 0x20    
   \              0x6D 0x6F    
   \              0x64 0x65    
   \              0x20 0x28    
   \              0x30 0x78    
   \              0x25 0x78    
   \              0x29 0x0D    
   \              0x0A 0x00    
   \   00000012   0x00 0x00          DC8 0, 0

   \                                 In section .text, align 4, keep-with-next
   \                     ?_16:
   \   00000000   0x53 0x65          DC8 "Set Color"
   \              0x74 0x20    
   \              0x43 0x6F    
   \              0x6C 0x6F    
   \              0x72 0x00    
   \   0000000A   0x00 0x00          DC8 0, 0

   \                                 In section .text, align 4, keep-with-next
   \                     ?_17:
   \   00000000   0x53 0x45          DC8 "SET ON/OFF\015\012"
   \              0x54 0x20    
   \              0x4F 0x4E    
   \              0x2F 0x4F    
   \              0x46 0x46    
   \              0x0D 0x0A    
   \              0x00         
   \   0000000D   0x00 0x00          DC8 0, 0, 0
   \              0x00         

   \                                 In section .text, align 4, keep-with-next
   \                     ?_18:
   \   00000000   0x69 0x6E          DC8 "inv mode %d"
   \              0x76 0x20    
   \              0x6D 0x6F    
   \              0x64 0x65    
   \              0x20 0x25    
   \              0x64 0x00    

   \                                 In section .text, align 4, keep-with-next
   \                     ?_19:
   \   00000000   0x69 0x6E          DC8 "invalid amount"
   \              0x76 0x61    
   \              0x6C 0x69    
   \              0x64 0x20    
   \              0x61 0x6D    
   \              0x6F 0x75    
   \              0x6E 0x74    
   \              0x00         
   \   0000000F   0x00               DC8 0

   Maximum stack usage in bytes:

   .cstack Function
   ------- --------
      24   calculateEventDuration_and_stepSize
        24   -> emberAfPrintln
        24   -> getAuroraDimmerMode
       8   emberAfColorControlClusterMoveColorCallback
         8   -> emberAfPluginAuroraColourControlMoveColor
         8   -> emberAfSendImmediateDefaultResponse
       8   emberAfColorControlClusterMoveToColorCallback
         8   -> emberAfPluginAuroraColourControlMoveToColor
         8   -> emberAfSendImmediateDefaultResponse
       8   emberAfColorControlClusterMoveToColorTemperatureCallback
         8   -> emberAfPluginAuroraColourControlMoveToColorTemperature
         8   -> emberAfSendImmediateDefaultResponse
       8   emberAfColorControlClusterStepColorCallback
         8   -> emberAfPluginAuroraColourControlStepColor
         8   -> emberAfSendImmediateDefaultResponse
       0   emberAfGenericTunnelClusterMatchProtocolAddressCallback
       8   emberAfMainInitCallback
         8   -> emberAfPluginAuroraButtonJoiningButtonIoInit
         8   -> emberAfPluginAuroraButtonJoiningInitialiseLeds
         0   -> emberAfPluginAuroraColourControlInitColorSpaceConversion
         8   -> emberAfPluginAuroraHostHalSerialInitHostPlc
         8   -> emberAfPluginAuroraPwmInitializeTimer
         8   -> emberAfPrint
         8   -> emberAfPrintln
         8   -> getAuroraDimmerMode
       0   emberAfMainStartCallback
       8   emberAfMainTickCallback
         8   -> checkIfPaired
         8   -> emberAfPluginAuroraButtonJoiningUpdateStatusLed
         8   -> emberAfPluginAuroraHostHalPlcCheckHost
         8   -> getAuroraDimmerMode
       8   emberAfOnOffClusterSetNewValueCallback
         8   -> emberAfPluginAuroraColourControlSetOnOff
         8   -> emberAfPrint
         0   -> emberAfPrintln
         8   -> getAuroraDimmerMode
         8   -> plcSendOnCommand
       0   emberAfOtaBootloadClusterImageBlockResponseCallback
       0   emberAfOtaBootloadClusterImageNotifyCallback
       0   emberAfOtaBootloadClusterQueryNextImageResponseCallback
       0   emberAfOtaBootloadClusterUpgradeEndResponseCallback
       8   emberAfPluginAuroraColourControlSetRgbColorCallback
         8   -> emberAfPluginAuroraPwmSetDutyCycle
         0   -> emberAfPrint
         8   -> emberAfPrintln
         8   -> getAuroraDimmerMode
       0   emberAfPluginAuroraHostProcessTunnelResponseCallback
       8   emberAfPluginAuroraLevelControlSetNewLevelCallback
         0   -> emberAfPrint
         8   -> emberAfPrintln
         8   -> getAuroraDimmerMode
         8   -> plcSendSetPowerLevelCommand
       0   emberAfPluginAuroraTunnelingServerDataReceivedCallback
         0   -> plcSendTunnelCommand
       0   emberAfPluginAuroraTunnelingServerIsProtocolSupportedCallback
       0   emberAfPluginAuroraTunnelingServerTunnelClosedCallback
      12   emberAfPluginAuroraTunnelingServerTunnelOpenedCallback
       8   emberAfPluginNetworkFindFinishedCallback
         0   -> emberAfPluginAuroraButtonJoiningClearJoiningFlag
         8   -> emberAfPluginAuroraButtonJoiningUpdateDeviceStateFlags
         8   -> emberAfPrintln
       8   emberAfStackStatusCallback
         8   -> emberAfOtaClientStartCallback
         8   -> emberAfPluginAuroraButtonJoiningUpdateDeviceStateFlags
         8   -> emberAfPrintln


   Section sizes:

   Bytes  Function/Label
   -----  --------------
       4  ??DataTable23
       4  ??DataTable23_1
       4  ??DataTable23_2
       4  ??DataTable23_3
       8  ?Subroutine0
      16  ?Subroutine1
       6  ?Subroutine2
       8  ?Subroutine3
      32  ?_0
      28  ?_1
      68  ?_10
      68  ?_11
      84  ?_12
      84  ?_13
      16  ?_14
      20  ?_15
      12  ?_16
      16  ?_17
      12  ?_18
      16  ?_19
      20  ?_2
       8  ?_3
       4  ?_4
       4  ?_5
       4  ?_6
       8  ?_7
      68  ?_8
      68  ?_9
     132  calculateEventDuration_and_stepSize
       6  emberAfColorControlClusterMoveColorCallback
       8  emberAfColorControlClusterMoveToColorCallback
       8  emberAfColorControlClusterMoveToColorTemperatureCallback
       8  emberAfColorControlClusterStepColorCallback
       4  emberAfGenericTunnelClusterMatchProtocolAddressCallback
     104  emberAfMainInitCallback
       4  emberAfMainStartCallback
      28  emberAfMainTickCallback
      80  emberAfOnOffClusterSetNewValueCallback
       4  emberAfOtaBootloadClusterImageBlockResponseCallback
       4  emberAfOtaBootloadClusterImageNotifyCallback
       4  emberAfOtaBootloadClusterQueryNextImageResponseCallback
       4  emberAfOtaBootloadClusterUpgradeEndResponseCallback
      64  emberAfPluginAuroraColourControlSetRgbColorCallback
      18  emberAfPluginAuroraHostProcessTunnelResponseCallback
      44  emberAfPluginAuroraLevelControlSetNewLevelCallback
      12  emberAfPluginAuroraTunnelingServerDataReceivedCallback
      20  emberAfPluginAuroraTunnelingServerIsProtocolSupportedCallback
      12  emberAfPluginAuroraTunnelingServerTunnelClosedCallback
      22  emberAfPluginAuroraTunnelingServerTunnelOpenedCallback
      34  emberAfPluginNetworkFindFinishedCallback
      90  emberAfStackStatusCallback
      12  tunnelStatus

 
    12 bytes in section .bss
    12 bytes in section .rodata
 1 396 bytes in section .text
 
 1 396 bytes of CODE  memory
    12 bytes of CONST memory
    12 bytes of DATA  memory

Errors: none
Warnings: none
