###############################################################################
#
# IAR ANSI C/C++ Compiler V7.40.3.8902/W32 for ARM        08/Dec/2016  20:08:10
# Copyright 1999-2015 IAR Systems AB.
#
#    Cpu mode     =  thumb
#    Endian       =  little
#    Source file  =  
#        C:\Users\matthew.shing\Documents\Projects\AONE ZigBee Dimmer\AUCH
#        ETRX357\AONE_Zigbee\EmberZNet5.3.0-GA\em35x\app\framework\plugin\network-find\network-find.c
#    Command line =  
#        "C:\Users\matthew.shing\Documents\Projects\AONE ZigBee Dimmer\AUCH
#        ETRX357\AONE_Zigbee\EmberZNet5.3.0-GA\em35x\app\framework\plugin\network-find\network-find.c"
#        -D
#        "GENERATED_TOKEN_HEADER=\"app/builder/Aurora_dimmer/Aurora_dimmer_tokens.h\""
#        -D "ZA_GENERATED_HEADER=\"app/builder/Aurora_dimmer/Aurora_dimmer.h\""
#        -D APP_BTL -D
#        "BOARD_HEADER=\"../../../AONE_Zigbee/EmberZNet5.3.0-GA/em35x/app/builder/Aurora_dimmer/Aurora_dimmer_board.h\""
#        -D "PLATFORM_HEADER=\"hal/micro/cortexm3/compiler/iar.h\"" -D CORTEXM3
#        -D CORTEXM3_EMBER_MICRO -D CORTEXM3_EM357 -D PHY_EM3XX -D
#        "APPLICATION_TOKEN_HEADER=\"app/framework/util/tokens.h\"" -D
#        "CONFIGURATION_HEADER=\"app/framework/util/config.h\"" -D
#        "ATTRIBUTE_STORAGE_CONFIGURATION=\"app/builder/Aurora_dimmer/Aurora_dimmer_endpoint_config.h\""
#        -D "__SOURCEFILE__=\"network-find.c\"" -lC
#        "C:\Users\matthew.shing\Documents\Projects\AONE ZigBee Dimmer\AUCH
#        ETRX357\AONE_Zigbee\EmberZNet5.3.0-GA\em35x\build\Aurora_dimmer\"
#        --diag_suppress Pa050 -o
#        "C:\Users\matthew.shing\Documents\Projects\AONE ZigBee Dimmer\AUCH
#        ETRX357\AONE_Zigbee\EmberZNet5.3.0-GA\em35x\build\Aurora_dimmer\"
#        --debug --endian=little --cpu=Cortex-M3 -e --fpu=None --dlib_config
#        "C:\Program Files (x86)\IAR Systems\Embedded Workbench
#        7.2\arm\INC\c\DLib_Config_Normal.h" -I
#        "C:\Users\matthew.shing\Documents\Projects\AONE ZigBee Dimmer\AUCH
#        ETRX357\AONE_Zigbee\EmberZNet5.3.0-GA\em35x\app\framework\plugin\network-find\"
#        -I "C:\Users\matthew.shing\Documents\Projects\AONE ZigBee Dimmer\AUCH
#        ETRX357\AONE_Zigbee\EmberZNet5.3.0-GA\em35x\app\builder\Aurora_dimmer\"
#        -I "C:\Users\matthew.shing\Documents\Projects\AONE ZigBee Dimmer\AUCH
#        ETRX357\AONE_Zigbee\EmberZNet5.3.0-GA\em35x\app\builder\Aurora_dimmer\..\..\..\"
#        -I "C:\Users\matthew.shing\Documents\Projects\AONE ZigBee Dimmer\AUCH
#        ETRX357\AONE_Zigbee\EmberZNet5.3.0-GA\em35x\app\builder\Aurora_dimmer\..\..\..\app\framework\include\"
#        -I "C:\Users\matthew.shing\Documents\Projects\AONE ZigBee Dimmer\AUCH
#        ETRX357\AONE_Zigbee\EmberZNet5.3.0-GA\em35x\app\builder\Aurora_dimmer\..\..\..\..\..\..\16.09.23
#        Fixedonoff\EmberZNet5.3.0-GA\em35x\" -I
#        "C:\Users\matthew.shing\Documents\Projects\AONE ZigBee Dimmer\AUCH
#        ETRX357\AONE_Zigbee\EmberZNet5.3.0-GA\em35x\app\builder\Aurora_dimmer\..\..\..\..\..\..\16.09.23
#        Fixedonoff\EmberZNet5.3.0-GA\em35x\stack\" -I
#        "C:\Users\matthew.shing\Documents\Projects\AONE ZigBee Dimmer\AUCH
#        ETRX357\AONE_Zigbee\EmberZNet5.3.0-GA\em35x\app\builder\Aurora_dimmer\..\..\..\..\..\..\16.09.23
#        Fixedonoff\EmberZNet5.3.0-GA\em35x\hal\" -I
#        "C:\Users\matthew.shing\Documents\Projects\AONE ZigBee Dimmer\AUCH
#        ETRX357\AONE_Zigbee\EmberZNet5.3.0-GA\em35x\app\builder\Aurora_dimmer\..\..\..\..\..\..\16.09.23
#        Fixedonoff\EmberZNet5.3.0-GA\em35x\hal\..\" -Ohz --use_c++_inline
#    List file    =  
#        C:\Users\matthew.shing\Documents\Projects\AONE ZigBee Dimmer\AUCH
#        ETRX357\AONE_Zigbee\EmberZNet5.3.0-GA\em35x\build\Aurora_dimmer\network-find.lst
#    Object file  =  
#        C:\Users\matthew.shing\Documents\Projects\AONE ZigBee Dimmer\AUCH
#        ETRX357\AONE_Zigbee\EmberZNet5.3.0-GA\em35x\build\Aurora_dimmer\network-find.o
#
###############################################################################

C:\Users\matthew.shing\Documents\Projects\AONE ZigBee Dimmer\AUCH ETRX357\AONE_Zigbee\EmberZNet5.3.0-GA\em35x\app\framework\plugin\network-find\network-find.c
      1          // *****************************************************************************
      2          // * network-find.c
      3          // *
      4          // * Routines for finding and joining any viable network via scanning, rather
      5          // * than joining a specific network. 
      6          // *
      7          // * Copyright 2010 by Ember Corporation. All rights reserved.              *80*
      8          // *****************************************************************************
      9          
     10          #include "app/framework/include/af.h"
     11          #include "app/util/common/form-and-join.h"
     12          
     13          //------------------------------------------------------------------------------
     14          // Forward Declaration
     15          
     16          //------------------------------------------------------------------------------
     17          // Globals
     18          
     19          enum {
     20            NETWORK_FIND_NONE,
     21            NETWORK_FIND_FORM,
     22            NETWORK_FIND_JOIN,
     23            NETWORK_FIND_WAIT,
     24          };
     25          #if defined(EMBER_SCRIPTED_TEST)
     26            #define HIDDEN 
     27          #else
     28            #define HIDDEN static
     29          #endif
     30          

   \                                 In section .bss, align 4
     31          HIDDEN int8u state = NETWORK_FIND_NONE;
   \                     state:
   \   00000000                      DS8 1
   \   00000001                      DS8 3
     32          
     33          #if defined(EMBER_SCRIPTED_TEST)
     34            #define EMBER_AF_PLUGIN_NETWORK_FIND_DURATION 5
     35            extern int32u testFrameworkChannelMask;
     36            #define CHANNEL_MASK testFrameworkChannelMask
     37          
     38          #elif defined(EMBER_AF_PLUGIN_TEST_HARNESS)
     39            const int32u testHarnessOriginalChannelMask = EMBER_AF_PLUGIN_NETWORK_FIND_CHANNEL_MASK;
     40            int32u testHarnessChannelMask = EMBER_AF_PLUGIN_NETWORK_FIND_CHANNEL_MASK;
     41            #define CHANNEL_MASK testHarnessChannelMask
     42          
     43          #else
     44            #define CHANNEL_MASK EMBER_AF_PLUGIN_NETWORK_FIND_CHANNEL_MASK
     45          
     46          #endif
     47          
     48          #ifdef  EMBER_AF_PLUGIN_NETWORK_FIND_RADIO_TX_CALLBACK
     49            #define GET_RADIO_TX_POWER(channel) emberAfPluginNetworkFindGetRadioPowerForChannelCallback(channel)
     50          #else
     51            #define GET_RADIO_TX_POWER(channel) EMBER_AF_PLUGIN_NETWORK_FIND_RADIO_TX_POWER
     52          #endif
     53          
     54          static int8u extendedPanIds[EMBER_SUPPORTED_NETWORKS][EXTENDED_PAN_ID_SIZE];
     55          
     56          EmberEventControl emberAfPluginNetworkFindTickEventControl;
   \                     emberAfPluginNetworkFindTickEventControl:
   \   00000004                      DS8 8

   \                                 In section .bss, align 4
   \                     extendedPanIds:
   \   00000000                      DS8 8
     57          
     58          //------------------------------------------------------------------------------
     59          

   \                                 In section .text, align 2, keep-with-next
     60          void emberAfPluginNetworkFindInitCallback(void)
     61          {
   \                     emberAfPluginNetworkFindInitCallback: (+1)
   \   00000000   0xB500             PUSH     {LR}
   \   00000002   0xB083             SUB      SP,SP,#+12
     62            int8u extendedPanId[EXTENDED_PAN_ID_SIZE] = EMBER_AF_PLUGIN_NETWORK_FIND_EXTENDED_PAN_ID;
   \   00000004   0xA800             ADD      R0,SP,#+0
   \   00000006   0x2100             MOVS     R1,#+0
   \   00000008   0x2200             MOVS     R2,#+0
   \   0000000A   0xC006             STM      R0!,{R1,R2}
     63            int8u i;
     64            for (i = 0; i < EMBER_SUPPORTED_NETWORKS; i++) {
     65              MEMCOPY(extendedPanIds[i], extendedPanId, EXTENDED_PAN_ID_SIZE);
   \   0000000C   0x2208             MOVS     R2,#+8
   \   0000000E   0xA900             ADD      R1,SP,#+0
   \   00000010   0x....             LDR.N    R0,??DataTable32_1
   \   00000012   0x.... 0x....      BL       halCommonMemCopy
     66            }
     67          }
   \   00000016   0xBD07             POP      {R0-R2,PC}       ;; return
     68          

   \                                 In section .text, align 2, keep-with-next
     69          void emberAfUnusedPanIdFoundCallback(EmberPanId panId, int8u channel)
     70          {
   \                     emberAfUnusedPanIdFoundCallback: (+1)
   \   00000000   0xB530             PUSH     {R4,R5,LR}
   \   00000002   0xB087             SUB      SP,SP,#+28
   \   00000004   0x4604             MOV      R4,R0
   \   00000006   0x460D             MOV      R5,R1
     71            EmberNetworkParameters networkParams;
     72            EmberStatus status;
     73          
     74            MEMSET(&networkParams, 0, sizeof(EmberNetworkParameters));
   \   00000008   0x2218             MOVS     R2,#+24
   \   0000000A   0x2100             MOVS     R1,#+0
   \   0000000C   0xA801             ADD      R0,SP,#+4
   \   0000000E   0x.... 0x....      BL       halCommonMemSet
     75            emberAfGetFormAndJoinExtendedPanIdCallback(networkParams.extendedPanId);
   \   00000012   0xA801             ADD      R0,SP,#+4
   \   00000014   0x.... 0x....      BL       emberAfGetFormAndJoinExtendedPanIdCallback
     76            networkParams.panId = panId;
     77            networkParams.radioChannel = channel;
     78            networkParams.radioTxPower = GET_RADIO_TX_POWER(channel);
   \   00000018   0x2008             MOVS     R0,#+8
   \   0000001A   0xF88D 0x000E      STRB     R0,[SP, #+14]
   \   0000001E   0xF8AD 0x400C      STRH     R4,[SP, #+12]
   \   00000022   0xF88D 0x500F      STRB     R5,[SP, #+15]
     79          
     80            status = emberAfFormNetwork(&networkParams);
   \   00000026   0xA801             ADD      R0,SP,#+4
   \   00000028   0x.... 0x....      BL       emberAfFormNetwork
   \   0000002C   0x0004             MOVS     R4,R0
     81            if (status != EMBER_SUCCESS) {
   \   0000002E   0xD00D             BEQ.N    ??emberAfUnusedPanIdFoundCallback_0
     82              emberAfAppPrintln("%p error 0x%x %p", "Form", 
     83                                status,
     84                                "aborting");
   \   00000030   0x.... 0x....      ADR.W    R0,?_3
   \   00000034   0x.... 0x....      ADR.W    R2,?_2
   \   00000038   0x.... 0x....      ADR.W    R1,?_1
   \   0000003C   0x9000             STR      R0,[SP, #+0]
   \   0000003E   0x4623             MOV      R3,R4
   \   00000040   0x2004             MOVS     R0,#+4
   \   00000042   0x.... 0x....      BL       emberAfPrintln
     85              emberAfAppFlush();
     86              emberAfScanErrorCallback(status);
   \   00000046   0x4620             MOV      R0,R4
   \   00000048   0x.... 0x....      BL       emberAfScanErrorCallback
     87            }
     88          }
   \                     ??emberAfUnusedPanIdFoundCallback_0: (+1)
   \   0000004C   0xB007             ADD      SP,SP,#+28
   \   0000004E   0xBD30             POP      {R4,R5,PC}       ;; return
     89          

   \                                 In section .text, align 2, keep-with-next
     90          void emberAfJoinableNetworkFoundCallback(EmberZigbeeNetwork *networkFound,
     91                                                   int8u lqi,
     92                                                   int8s rssi)
     93          {
   \                     emberAfJoinableNetworkFoundCallback: (+1)
   \   00000000   0xB530             PUSH     {R4,R5,LR}
   \   00000002   0xB087             SUB      SP,SP,#+28
   \   00000004   0x4604             MOV      R4,R0
     94            EmberStatus status = EMBER_ERR_FATAL;
     95          
     96            // NOTE: It's not necessary to check the networkFound->extendedPanId here
     97            // because the form-and-join utilities ensure this handler is only called
     98            // when the beacon in the found network has the same EPID as what we asked
     99            // for when we initiated the scan.  If the scan was requested for the EPID of
    100            // all zeroes, that's a special case that means any network is OK.  Either
    101            // way we can trust that it's OK to try joining the network params found in
    102            // the beacon.
    103          
    104            if (emberAfPluginNetworkFindJoinCallback(networkFound, lqi, rssi)) {
   \   00000006   0x.... 0x....      BL       emberAfPluginNetworkFindJoinCallback
   \   0000000A   0x2501             MOVS     R5,#+1
   \   0000000C   0xB330             CBZ.N    R0,??emberAfJoinableNetworkFoundCallback_0
    105              // Now construct the network parameters to join
    106              EmberNetworkParameters networkParams;
    107              MEMSET(&networkParams, 0, sizeof(EmberNetworkParameters));
   \   0000000E   0x2218             MOVS     R2,#+24
   \   00000010   0x2100             MOVS     R1,#+0
   \   00000012   0xA800             ADD      R0,SP,#+0
   \   00000014   0x.... 0x....      BL       halCommonMemSet
    108              MEMCOPY(networkParams.extendedPanId,
    109                      networkFound->extendedPanId,
    110                      EXTENDED_PAN_ID_SIZE);
   \   00000018   0x2208             MOVS     R2,#+8
   \   0000001A   0x1D21             ADDS     R1,R4,#+4
   \   0000001C   0xA800             ADD      R0,SP,#+0
   \   0000001E   0x.... 0x....      BL       halCommonMemCopy
    111              networkParams.panId = networkFound->panId;
   \   00000022   0x8820             LDRH     R0,[R4, #+0]
    112              networkParams.radioChannel = networkFound->channel;
    113              networkParams.radioTxPower = GET_RADIO_TX_POWER(networkFound->channel);
    114          
    115              emberAfAppPrintln("Nwk found, ch %d, panId 0x%2X, joining",
    116                                networkFound->channel,
    117                                networkFound->panId);
   \   00000024   0x.... 0x....      ADR.W    R1,?_4
   \   00000028   0xF8AD 0x0008      STRH     R0,[SP, #+8]
   \   0000002C   0x78A0             LDRB     R0,[R4, #+2]
   \   0000002E   0xF88D 0x000B      STRB     R0,[SP, #+11]
   \   00000032   0x2008             MOVS     R0,#+8
   \   00000034   0xF88D 0x000A      STRB     R0,[SP, #+10]
   \   00000038   0x8823             LDRH     R3,[R4, #+0]
   \   0000003A   0x78A2             LDRB     R2,[R4, #+2]
   \   0000003C   0x2004             MOVS     R0,#+4
   \   0000003E   0x.... 0x....      BL       emberAfPrintln
    118          
    119              status = emberAfJoinNetwork(&networkParams);
   \   00000042   0xA800             ADD      R0,SP,#+0
   \   00000044   0x.... 0x....      BL       emberAfJoinNetwork
   \   00000048   0x0005             MOVS     R5,R0
    120              
    121          
    122                  
    123            if (status == EMBER_SUCCESS) {
   \   0000004A   0xD107             BNE.N    ??emberAfJoinableNetworkFoundCallback_0
    124                      emberAfAppPrintln("FLASH ONCE TO INDICATE SUCCESSFUL PAIRING"); 
   \   0000004C   0x.... 0x....      ADR.W    R1,?_5
   \   00000050   0x2004             MOVS     R0,#+4
   \   00000052   0x.... 0x....      BL       emberAfPrintln
    125          emberAfPluginAuroraHostProtocolFlashOnce(); //MN if it finds and successfully joins a new network, flash the motherboard once
                 ^
Warning[Pe223]: function "emberAfPluginAuroraHostProtocolFlashOnce" declared
          implicitly
   \   00000056   0x.... 0x....      BL       emberAfPluginAuroraHostProtocolFlashOnce
   \   0000005A   0xE00D             B.N      ??emberAfJoinableNetworkFoundCallback_1
    126            }
    127              
    128            }
    129          
    130            // Note that if the application wants to skip this network or if the join
    131            // fails, we can't continue the scan from here (by calling
    132            // emberScanForNextJoinableNetwork) because that's the function that called
    133            // this handler in the first place, and we don't want to recurse.
    134            if (status != EMBER_SUCCESS) {
    135              emberAfAppPrintln("%p error 0x%x, %p", 
    136                                "Join", 
    137                                status,
    138                                "aborting");
   \                     ??emberAfJoinableNetworkFoundCallback_0: (+1)
   \   0000005C   0x.... 0x....      ADR.W    R0,?_3
   \   00000060   0x.... 0x....      ADR.W    R2,?_7
   \   00000064   0x.... 0x....      ADR.W    R1,?_6
   \   00000068   0x9000             STR      R0,[SP, #+0]
   \   0000006A   0x462B             MOV      R3,R5
   \   0000006C   0x2004             MOVS     R0,#+4
   \   0000006E   0x.... 0x....      BL       emberAfPrintln
    139              emberAfAppFlush();
    140              emberEventControlSetActive(emberAfPluginNetworkFindTickEventControl);
   \   00000072   0x....             LDR.N    R0,??DataTable32_2
   \   00000074   0x.... 0x....      BL       emEventControlSetActive
    141            }
    142          }
   \                     ??emberAfJoinableNetworkFoundCallback_1: (+1)
   \   00000078   0xB007             ADD      SP,SP,#+28
   \   0000007A   0xBD30             POP      {R4,R5,PC}       ;; return
    143          

   \                                 In section .text, align 2, keep-with-next
    144          void emberAfPluginNetworkFindTickEventHandler(void)
    145          {
   \                     emberAfPluginNetworkFindTickEventHandler: (+1)
   \   00000000   0xB580             PUSH     {R7,LR}
    146            emberEventControlSetInactive(emberAfPluginNetworkFindTickEventControl);
   \   00000002   0x....             LDR.N    R0,??DataTable32_3
   \   00000004   0x2100             MOVS     R1,#+0
   \   00000006   0x7101             STRB     R1,[R0, #+4]
    147            if (state == NETWORK_FIND_JOIN) {
   \   00000008   0x7801             LDRB     R1,[R0, #+0]
   \   0000000A   0x2902             CMP      R1,#+2
   \   0000000C   0xD10A             BNE.N    ??emberAfPluginNetworkFindTickEventHandler_0
    148              // If the tick fires while we're searching for a joinable network, it means
    149              // we need to keep searching.  This can happen if the join fails or if the
    150              // application decided to leave the network because it was the wrong
    151              // network.
    152              emberAfAppPrintln("Continue %p search", "joinable network");
   \   0000000E   0x.... 0x....      ADR.W    R2,?_9
   \   00000012   0x.... 0x....      ADR.W    R1,?_8
   \   00000016   0x2004             MOVS     R0,#+4
   \   00000018   0x.... 0x....      BL       emberAfPrintln
    153              emberScanForNextJoinableNetwork();
   \   0000001C   0xE8BD 0x4001      POP      {R0,LR}
   \   00000020   0x.... 0x....      B.W      emberScanForNextJoinableNetwork
    154            } else {
    155              // In all other cases, we're done and can clean up.
    156              state = NETWORK_FIND_NONE;
   \                     ??emberAfPluginNetworkFindTickEventHandler_0: (+1)
   \   00000024   0x2100             MOVS     R1,#+0
   \   00000026   0x7001             STRB     R1,[R0, #+0]
    157              emberAfAppPrintln("Network find complete");
   \   00000028   0x2004             MOVS     R0,#+4
   \   0000002A   0x.... 0x....      ADR.W    R1,?_10
   \   0000002E   0x.... 0x....      BL       emberAfPrintln
    158              emberFormAndJoinCleanup(EMBER_SUCCESS);
   \   00000032   0x2000             MOVS     R0,#+0
   \   00000034   0x.... 0x....      BL       emberFormAndJoinCleanup
    159              emberAfPluginNetworkFindFinishedCallback(EMBER_SUCCESS);
   \   00000038   0xE8BD 0x4002      POP      {R1,LR}
   \   0000003C   0x2000             MOVS     R0,#+0
   \   0000003E   0x.... 0x....      B.W      emberAfPluginNetworkFindFinishedCallback
    160            }
    161          }
    162          

   \                                 In section .text, align 2, keep-with-next
    163          void emberAfScanErrorCallback(EmberStatus status)
    164          {
   \                     emberAfScanErrorCallback: (+1)
   \   00000000   0xB510             PUSH     {R4,LR}
   \   00000002   0x4604             MOV      R4,R0
    165            if (status == EMBER_NO_BEACONS) {
   \   00000004   0x4623             MOV      R3,R4
   \   00000006   0x2BAB             CMP      R3,#+171
   \   00000008   0xD107             BNE.N    ??emberAfScanErrorCallback_0
    166              emberAfCorePrintln("%p and join scan done", "Form");
   \   0000000A   0x.... 0x....      ADR.W    R2,?_2
   \   0000000E   0x.... 0x....      ADR.W    R1,?_11
   \   00000012   0x2001             MOVS     R0,#+1
   \   00000014   0x.... 0x....      BL       emberAfPrintln
   \   00000018   0xE006             B.N      ??emberAfScanErrorCallback_1
    167            } else {
    168              emberAfCorePrintln("%p error 0x%x", "Scan", status);
   \                     ??emberAfScanErrorCallback_0: (+1)
   \   0000001A   0x.... 0x....      ADR.W    R2,?_13
   \   0000001E   0x.... 0x....      ADR.W    R1,?_12
   \   00000022   0x2001             MOVS     R0,#+1
   \   00000024   0x.... 0x....      BL       emberAfPrintln
    169            }
    170            emberAfCoreFlush();
    171            state = NETWORK_FIND_NONE;
   \                     ??emberAfScanErrorCallback_1: (+1)
   \   00000028   0x....             LDR.N    R1,??DataTable32_3
    172            emberAfAppPrintln("%p (scan error).",
    173                              "Network find complete");
   \   0000002A   0x.... 0x....      ADR.W    R2,?_10
   \   0000002E   0x2000             MOVS     R0,#+0
   \   00000030   0x7008             STRB     R0,[R1, #+0]
   \   00000032   0x2004             MOVS     R0,#+4
   \   00000034   0x.... 0x....      ADR.W    R1,?_14
   \   00000038   0x.... 0x....      BL       emberAfPrintln
    174            emberAfPluginNetworkFindFinishedCallback(status);
   \   0000003C   0x4620             MOV      R0,R4
   \   0000003E   0xE8BD 0x4010      POP      {R4,LR}
   \   00000042   0x.... 0x....      B.W      emberAfPluginNetworkFindFinishedCallback
    175          }
    176          

   \                                 In section .text, align 2, keep-with-next
    177          EmberStatus emberAfFindUnusedPanIdAndFormCallback(void)
    178          {
   \                     emberAfFindUnusedPanIdAndFormCallback: (+1)
   \   00000000   0xB510             PUSH     {R4,LR}
    179            EmberStatus status = EMBER_INVALID_CALL;
    180          #ifdef EMBER_AF_HAS_COORDINATOR_NETWORK
    181            if (state != NETWORK_FIND_NONE) {
   \   00000002   0x....             LDR.N    R4,??DataTable32_3
   \   00000004   0x7820             LDRB     R0,[R4, #+0]
   \   00000006   0xB118             CBZ.N    R0,??emberAfFindUnusedPanIdAndFormCallback_0
    182              emberAfAppPrintln("%pForm and join ongoing", "Error: ");
   \   00000008   0x.... 0x....      BL       ?Subroutine0
    183              return EMBER_INVALID_CALL;
   \                     ??CrossCallReturnLabel_1: (+1)
   \   0000000C   0x2070             MOVS     R0,#+112
   \   0000000E   0xBD10             POP      {R4,PC}
    184            }
    185          
    186            status = emberScanForUnusedPanId(CHANNEL_MASK,
    187                                             EMBER_AF_PLUGIN_NETWORK_FIND_DURATION);
   \                     ??emberAfFindUnusedPanIdAndFormCallback_0: (+1)
   \   00000010   0x2105             MOVS     R1,#+5
   \   00000012   0x....             LDR.N    R0,??DataTable32_4  ;; 0x7fff800
   \   00000014   0x.... 0x....      BL       emberScanForUnusedPanId
    188            if (status == EMBER_SUCCESS) {
   \   00000018   0xB908             CBNZ.N   R0,??emberAfFindUnusedPanIdAndFormCallback_1
    189              state = NETWORK_FIND_FORM;
   \   0000001A   0x2101             MOVS     R1,#+1
   \   0000001C   0x7021             STRB     R1,[R4, #+0]
    190            }
    191          #endif
    192            return status;
   \                     ??emberAfFindUnusedPanIdAndFormCallback_1: (+1)
   \   0000001E   0xBD10             POP      {R4,PC}          ;; return
    193          }

   \                                 In section .text, align 2, keep-with-next
   \                     ?Subroutine0: (+1)
   \   00000000   0x.... 0x....      ADR.W    R2,?_16
   \   00000004   0x.... 0x....      ADR.W    R1,?_15
   \   00000008   0x2004             MOVS     R0,#+4
   \   0000000A   0x.... 0x....      B.W      emberAfPrintln
    194          

   \                                 In section .text, align 2, keep-with-next
    195          EmberStatus emberAfStartSearchForJoinableNetworkCallback(void)
    196          {
   \                     emberAfStartSearchForJoinableNetworkCallback: (+1)
   \   00000000   0xB530             PUSH     {R4,R5,LR}
    197            EmberStatus status;
    198            int8u extendedPanId[EXTENDED_PAN_ID_SIZE];
    199          
    200            if (state != NETWORK_FIND_NONE) {
   \   00000002   0x....             LDR.N    R4,??DataTable32_3
   \   00000004   0x7820             LDRB     R0,[R4, #+0]
   \   00000006   0xB083             SUB      SP,SP,#+12
   \   00000008   0xB118             CBZ.N    R0,??emberAfStartSearchForJoinableNetworkCallback_0
    201              emberAfAppPrintln("%pForm and join ongoing", "Error: ");
   \   0000000A   0x.... 0x....      BL       ?Subroutine0
    202              return EMBER_INVALID_CALL;
   \                     ??CrossCallReturnLabel_0: (+1)
   \   0000000E   0x2070             MOVS     R0,#+112
   \   00000010   0xBD3E             POP      {R1-R5,PC}
    203            }
    204          
    205            emberAfDebugPrint("FLASH TWICE TO INDICATE GOING INTO PAIRING MODE\n"); //MN
   \                     ??emberAfStartSearchForJoinableNetworkCallback_0: (+1)
   \   00000012   0x.... 0x....      ADR.W    R1,?_17
   \   00000016   0x....             LDR.N    R5,??DataTable32_4  ;; 0x7fff800
   \   00000018   0x2002             MOVS     R0,#+2
   \   0000001A   0x.... 0x....      BL       emberAfPrint
    206            emberAfPluginAuroraHostProtocolFlashTwice(); //MN
                   ^
Warning[Pe223]: function "emberAfPluginAuroraHostProtocolFlashTwice" declared
          implicitly
   \   0000001E   0x.... 0x....      BL       emberAfPluginAuroraHostProtocolFlashTwice
    207            
    208            emberAfAppPrint("Search for %p\nChannels: ", "joinable network");
   \   00000022   0x.... 0x....      ADR.W    R2,?_9
   \   00000026   0x.... 0x....      ADR.W    R1,?_18
   \   0000002A   0x2004             MOVS     R0,#+4
   \   0000002C   0x.... 0x....      BL       emberAfPrint
    209            emberAfAppDebugExec(emberAfPrintChannelListFromMask(CHANNEL_MASK));
   \   00000030   0x2004             MOVS     R0,#+4
   \   00000032   0x.... 0x....      BL       emberAfPrintEnabled
   \   00000036   0xB110             CBZ.N    R0,??emberAfStartSearchForJoinableNetworkCallback_1
   \   00000038   0x4628             MOV      R0,R5
   \   0000003A   0x.... 0x....      BL       emberAfPrintChannelListFromMask
    210            emberAfAppPrintln("");
   \                     ??emberAfStartSearchForJoinableNetworkCallback_1: (+1)
   \   0000003E   0x....             ADR.N    R1,??DataTable32  ;; ""
   \   00000040   0x2004             MOVS     R0,#+4
   \   00000042   0x.... 0x....      BL       emberAfPrintln
    211          
    212            emberAfGetFormAndJoinExtendedPanIdCallback(extendedPanId);
   \   00000046   0xA800             ADD      R0,SP,#+0
   \   00000048   0x.... 0x....      BL       emberAfGetFormAndJoinExtendedPanIdCallback
    213            status = emberScanForJoinableNetwork(CHANNEL_MASK, extendedPanId);
   \   0000004C   0xA900             ADD      R1,SP,#+0
   \   0000004E   0x4628             MOV      R0,R5
   \   00000050   0x.... 0x....      BL       emberScanForJoinableNetwork
    214            if (status == EMBER_SUCCESS) {
   \   00000054   0xB908             CBNZ.N   R0,??emberAfStartSearchForJoinableNetworkCallback_2
    215              state = NETWORK_FIND_JOIN;
   \   00000056   0x2102             MOVS     R1,#+2
   \   00000058   0x7021             STRB     R1,[R4, #+0]
    216            }
    217            return status;
   \                     ??emberAfStartSearchForJoinableNetworkCallback_2: (+1)
   \   0000005A   0xBD3E             POP      {R1-R5,PC}       ;; return
    218          }
    219          

   \                                 In section .text, align 2, keep-with-next
    220          void emberAfPluginNetworkFindStackStatusCallback(EmberStatus status)
    221          {
   \                     emberAfPluginNetworkFindStackStatusCallback: (+1)
   \   00000000   0xB538             PUSH     {R3-R5,LR}
   \   00000002   0x4604             MOV      R4,R0
    222                  emberAfDebugPrint("emberAfPluginNetworkFindStackStatusCallback status: %d\n", status); //MN                
   \   00000004   0x4622             MOV      R2,R4
   \   00000006   0x.... 0x....      ADR.W    R1,?_20
   \   0000000A   0x....             LDR.N    R5,??DataTable32_3
   \   0000000C   0x2002             MOVS     R0,#+2
   \   0000000E   0x.... 0x....      BL       emberAfPrint
    223            
    224          
    225            int8u delayMinutes = MAX_INT8U_VALUE;
    226            if (status == EMBER_NETWORK_UP) {
   \   00000012   0x7828             LDRB     R0,[R5, #+0]
   \   00000014   0x2C90             CMP      R4,#+144
   \   00000016   0xD110             BNE.N    ??emberAfPluginNetworkFindStackStatusCallback_0
    227              // If we had been searching for an unused network so that we could form,
    228              // we're done.  If we were searching for a joinable network and have
    229              // successfully joined, we give the application some time to determine if
    230              // this is the correct network.  If so, we'll eventually time out and clean
    231              // up the state machine.  If not, the application will tell the stack to
    232              // leave, we'll get an EMBER_NETWORK_DOWN, and we'll continue searching.
    233              if (state == NETWORK_FIND_FORM) {
   \   00000018   0x2801             CMP      R0,#+1
   \   0000001A   0xD017             BEQ.N    ??emberAfPluginNetworkFindStackStatusCallback_1
    234                delayMinutes = 0;
    235              } else if (state == NETWORK_FIND_JOIN) {
   \   0000001C   0x2802             CMP      R0,#+2
   \   0000001E   0xD11D             BNE.N    ??emberAfPluginNetworkFindStackStatusCallback_2
    236                state = NETWORK_FIND_WAIT;
   \   00000020   0x2003             MOVS     R0,#+3
   \   00000022   0x7028             STRB     R0,[R5, #+0]
    237                delayMinutes = EMBER_AF_PLUGIN_NETWORK_FIND_JOINABLE_SCAN_TIMEOUT_MINUTES;
    238              }
    239            } else if (NETWORK_FIND_JOIN <= state) {
    240              // If we get something other than EMBER_NETWORK_UP while trying to join or
    241              // while waiting for the application to determine if this is the right
    242              // network, we need to continue searching for a joinable network.
    243              
    244                          emberAfDebugPrintln("emberAfPluginNetworkFindStackStatusCallback ln243");//MN
    245              
    246              state = NETWORK_FIND_JOIN;
    247              delayMinutes = 0;
    248            }
    249          
    250            if (delayMinutes == 0) {
    251              
    252                              emberAfDebugPrintln("emberAfPluginNetworkFindStackStatusCallback ln251");//MN
    253          
    254              emberAfPluginNetworkFindTickEventHandler();
    255            } else if (delayMinutes != MAX_INT8U_VALUE) {
    256              
    257                              emberAfDebugPrintln("emberAfPluginNetworkFindStackStatusCallback ln256");//MN
   \   00000024   0x2002             MOVS     R0,#+2
   \   00000026   0x.... 0x....      ADR.W    R1,?_23
   \   0000002A   0x.... 0x....      BL       emberAfPrintln
    258          
    259              
    260              emberEventControlSetDelayMinutes(emberAfPluginNetworkFindTickEventControl,
    261                                               delayMinutes);
   \   0000002E   0x1D28             ADDS     R0,R5,#+4
   \   00000030   0xE8BD 0x4034      POP      {R2,R4,R5,LR}
   \   00000034   0x2101             MOVS     R1,#+1
   \   00000036   0x.... 0x....      B.W      emEventControlSetDelayMinutes
    262            }
   \                     ??emberAfPluginNetworkFindStackStatusCallback_0: (+1)
   \   0000003A   0x2802             CMP      R0,#+2
   \   0000003C   0xDB0E             BLT.N    ??emberAfPluginNetworkFindStackStatusCallback_2
   \   0000003E   0x.... 0x....      ADR.W    R1,?_21
   \   00000042   0x2002             MOVS     R0,#+2
   \   00000044   0x.... 0x....      BL       emberAfPrintln
   \   00000048   0x2002             MOVS     R0,#+2
   \   0000004A   0x7028             STRB     R0,[R5, #+0]
   \                     ??emberAfPluginNetworkFindStackStatusCallback_1: (+1)
   \   0000004C   0x2002             MOVS     R0,#+2
   \   0000004E   0x.... 0x....      ADR.W    R1,?_22
   \   00000052   0x.... 0x....      BL       emberAfPrintln
   \   00000056   0xE8BD 0x4031      POP      {R0,R4,R5,LR}
   \   0000005A   0x....             B.N      emberAfPluginNetworkFindTickEventHandler
    263            
    264          
    265            
    266          }
   \                     ??emberAfPluginNetworkFindStackStatusCallback_2: (+1)
   \   0000005C   0xBD31             POP      {R0,R4,R5,PC}    ;; return
    267          

   \                                 In section .text, align 2, keep-with-next
    268          void emberAfGetFormAndJoinExtendedPanIdCallback(int8u *resultLocation)
    269          {
   \                     emberAfGetFormAndJoinExtendedPanIdCallback: (+1)
   \   00000000   0xB510             PUSH     {R4,LR}
   \   00000002   0x4604             MOV      R4,R0
    270            int8u networkIndex = emberGetCurrentNetwork();
   \   00000004   0x.... 0x....      BL       emberGetCurrentNetwork
    271            MEMCOPY(resultLocation, extendedPanIds[networkIndex], EXTENDED_PAN_ID_SIZE);
   \   00000008   0x....             LDR.N    R1,??DataTable32_1
   \   0000000A   0xEB01 0x01C0      ADD      R1,R1,R0, LSL #+3
   \   0000000E   0x4620             MOV      R0,R4
   \   00000010   0xE8BD 0x4010      POP      {R4,LR}
   \   00000014   0x2208             MOVS     R2,#+8
   \   00000016   0x.... 0x....      B.W      halCommonMemCopy
    272          }
    273          

   \                                 In section .text, align 2, keep-with-next
    274          void emberAfSetFormAndJoinExtendedPanIdCallback(const int8u *extendedPanId)
    275          {
   \                     emberAfSetFormAndJoinExtendedPanIdCallback: (+1)
   \   00000000   0xB510             PUSH     {R4,LR}
   \   00000002   0x4604             MOV      R4,R0
    276            int8u networkIndex = emberGetCurrentNetwork();
   \   00000004   0x.... 0x....      BL       emberGetCurrentNetwork
    277            MEMCOPY(extendedPanIds[networkIndex], extendedPanId, EXTENDED_PAN_ID_SIZE);
   \   00000008   0x4621             MOV      R1,R4
   \   0000000A   0xE8BD 0x4010      POP      {R4,LR}
   \   0000000E   0x....             LDR.N    R3,??DataTable32_1
   \   00000010   0x2208             MOVS     R2,#+8
   \   00000012   0xEB03 0x00C0      ADD      R0,R3,R0, LSL #+3
   \   00000016   0x.... 0x....      B.W      halCommonMemCopy
    278          }

   \                                 In section .text, align 4, keep-with-next
   \                     ??DataTable32:
   \   00000000   0x00 0x00          DC8      "",0x0,0x0,0x0
   \              0x00 0x00    

   \                                 In section .text, align 4, keep-with-next
   \                     ??DataTable32_1:
   \   00000000   0x........         DC32     extendedPanIds

   \                                 In section .text, align 4, keep-with-next
   \                     ??DataTable32_2:
   \   00000000   0x........         DC32     state+0x4

   \                                 In section .text, align 4, keep-with-next
   \                     ??DataTable32_3:
   \   00000000   0x........         DC32     state

   \                                 In section .text, align 4, keep-with-next
   \                     ??DataTable32_4:
   \   00000000   0x07FFF800         DC32     0x7fff800

   \                                 In section .text, align 4, keep-with-next
   \                     ?_1:
   \   00000000   0x25 0x70          DC8 "%p error 0x%x %p"
   \              0x20 0x65    
   \              0x72 0x72    
   \              0x6F 0x72    
   \              0x20 0x30    
   \              0x78 0x25    
   \              0x78 0x20    
   \              0x25 0x70    
   \              0x00         
   \   00000011   0x00 0x00          DC8 0, 0, 0
   \              0x00         

   \                                 In section .text, align 4, keep-with-next
   \                     ?_2:
   \   00000000   0x46 0x6F          DC8 "Form"
   \              0x72 0x6D    
   \              0x00         
   \   00000005   0x00 0x00          DC8 0, 0, 0
   \              0x00         

   \                                 In section .text, align 4, keep-with-next
   \                     ?_3:
   \   00000000   0x61 0x62          DC8 "aborting"
   \              0x6F 0x72    
   \              0x74 0x69    
   \              0x6E 0x67    
   \              0x00         
   \   00000009   0x00 0x00          DC8 0, 0, 0
   \              0x00         

   \                                 In section .text, align 4, keep-with-next
   \                     ?_4:
   \   00000000   0x4E 0x77          DC8 "Nwk found, ch %d, panId 0x%2X, joining"
   \              0x6B 0x20    
   \              0x66 0x6F    
   \              0x75 0x6E    
   \              0x64 0x2C    
   \              0x20 0x63    
   \              0x68 0x20    
   \              0x25 0x64    
   \              0x2C 0x20    
   \              0x70 0x61    
   \              0x6E 0x49    
   \              0x64 0x20    
   \              0x30 0x78    
   \              0x25 0x32    
   \              0x58 0x2C    
   \              0x20 0x6A    
   \              0x6F 0x69    
   \              0x6E 0x69    
   \              0x6E 0x67    
   \              0x00         
   \   00000027   0x00               DC8 0

   \                                 In section .text, align 4, keep-with-next
   \                     ?_5:
   \   00000000   0x46 0x4C          DC8 "FLASH ONCE TO INDICATE SUCCESSFUL PAIRING"
   \              0x41 0x53    
   \              0x48 0x20    
   \              0x4F 0x4E    
   \              0x43 0x45    
   \              0x20 0x54    
   \              0x4F 0x20    
   \              0x49 0x4E    
   \              0x44 0x49    
   \              0x43 0x41    
   \              0x54 0x45    
   \              0x20 0x53    
   \              0x55 0x43    
   \              0x43 0x45    
   \              0x53 0x53    
   \              0x46 0x55    
   \              0x4C 0x20    
   \              0x50 0x41    
   \              0x49 0x52    
   \              0x49 0x4E    
   \              0x47 0x00    
   \   0000002A   0x00 0x00          DC8 0, 0

   \                                 In section .text, align 4, keep-with-next
   \                     ?_6:
   \   00000000   0x25 0x70          DC8 "%p error 0x%x, %p"
   \              0x20 0x65    
   \              0x72 0x72    
   \              0x6F 0x72    
   \              0x20 0x30    
   \              0x78 0x25    
   \              0x78 0x2C    
   \              0x20 0x25    
   \              0x70 0x00    
   \   00000012   0x00 0x00          DC8 0, 0

   \                                 In section .text, align 4, keep-with-next
   \                     ?_7:
   \   00000000   0x4A 0x6F          DC8 "Join"
   \              0x69 0x6E    
   \              0x00         
   \   00000005   0x00 0x00          DC8 0, 0, 0
   \              0x00         

   \                                 In section .text, align 4, keep-with-next
   \                     ?_8:
   \   00000000   0x43 0x6F          DC8 "Continue %p search"
   \              0x6E 0x74    
   \              0x69 0x6E    
   \              0x75 0x65    
   \              0x20 0x25    
   \              0x70 0x20    
   \              0x73 0x65    
   \              0x61 0x72    
   \              0x63 0x68    
   \              0x00         
   \   00000013   0x00               DC8 0

   \                                 In section .text, align 4, keep-with-next
   \                     ?_9:
   \   00000000   0x6A 0x6F          DC8 "joinable network"
   \              0x69 0x6E    
   \              0x61 0x62    
   \              0x6C 0x65    
   \              0x20 0x6E    
   \              0x65 0x74    
   \              0x77 0x6F    
   \              0x72 0x6B    
   \              0x00         
   \   00000011   0x00 0x00          DC8 0, 0, 0
   \              0x00         

   \                                 In section .text, align 4, keep-with-next
   \                     ?_10:
   \   00000000   0x4E 0x65          DC8 "Network find complete"
   \              0x74 0x77    
   \              0x6F 0x72    
   \              0x6B 0x20    
   \              0x66 0x69    
   \              0x6E 0x64    
   \              0x20 0x63    
   \              0x6F 0x6D    
   \              0x70 0x6C    
   \              0x65 0x74    
   \              0x65 0x00    
   \   00000016   0x00 0x00          DC8 0, 0

   \                                 In section .text, align 4, keep-with-next
   \                     ?_11:
   \   00000000   0x25 0x70          DC8 "%p and join scan done"
   \              0x20 0x61    
   \              0x6E 0x64    
   \              0x20 0x6A    
   \              0x6F 0x69    
   \              0x6E 0x20    
   \              0x73 0x63    
   \              0x61 0x6E    
   \              0x20 0x64    
   \              0x6F 0x6E    
   \              0x65 0x00    
   \   00000016   0x00 0x00          DC8 0, 0

   \                                 In section .text, align 4, keep-with-next
   \                     ?_12:
   \   00000000   0x25 0x70          DC8 "%p error 0x%x"
   \              0x20 0x65    
   \              0x72 0x72    
   \              0x6F 0x72    
   \              0x20 0x30    
   \              0x78 0x25    
   \              0x78 0x00    
   \   0000000E   0x00 0x00          DC8 0, 0

   \                                 In section .text, align 4, keep-with-next
   \                     ?_13:
   \   00000000   0x53 0x63          DC8 "Scan"
   \              0x61 0x6E    
   \              0x00         
   \   00000005   0x00 0x00          DC8 0, 0, 0
   \              0x00         

   \                                 In section .text, align 4, keep-with-next
   \                     ?_14:
   \   00000000   0x25 0x70          DC8 "%p (scan error)."
   \              0x20 0x28    
   \              0x73 0x63    
   \              0x61 0x6E    
   \              0x20 0x65    
   \              0x72 0x72    
   \              0x6F 0x72    
   \              0x29 0x2E    
   \              0x00         
   \   00000011   0x00 0x00          DC8 0, 0, 0
   \              0x00         

   \                                 In section .text, align 4, keep-with-next
   \                     ?_15:
   \   00000000   0x25 0x70          DC8 "%pForm and join ongoing"
   \              0x46 0x6F    
   \              0x72 0x6D    
   \              0x20 0x61    
   \              0x6E 0x64    
   \              0x20 0x6A    
   \              0x6F 0x69    
   \              0x6E 0x20    
   \              0x6F 0x6E    
   \              0x67 0x6F    
   \              0x69 0x6E    
   \              0x67 0x00    

   \                                 In section .text, align 4, keep-with-next
   \                     ?_16:
   \   00000000   0x45 0x72          DC8 "Error: "
   \              0x72 0x6F    
   \              0x72 0x3A    
   \              0x20 0x00    

   \                                 In section .text, align 4, keep-with-next
   \                     ?_17:
   \   00000000   0x46 0x4C          DC8 "FLASH TWICE TO INDICATE GOING INTO PAIRING MODE\012"
   \              0x41 0x53    
   \              0x48 0x20    
   \              0x54 0x57    
   \              0x49 0x43    
   \              0x45 0x20    
   \              0x54 0x4F    
   \              0x20 0x49    
   \              0x4E 0x44    
   \              0x49 0x43    
   \              0x41 0x54    
   \              0x45 0x20    
   \              0x47 0x4F    
   \              0x49 0x4E    
   \              0x47 0x20    
   \              0x49 0x4E    
   \              0x54 0x4F    
   \              0x20 0x50    
   \              0x41 0x49    
   \              0x52 0x49    
   \              0x4E 0x47    
   \              0x20 0x4D    
   \              0x4F 0x44    
   \              0x45 0x0A    
   \              0x00         
   \   00000031   0x00 0x00          DC8 0, 0, 0
   \              0x00         

   \                                 In section .text, align 4, keep-with-next
   \                     ?_18:
   \   00000000   0x53 0x65          DC8 "Search for %p\012Channels: "
   \              0x61 0x72    
   \              0x63 0x68    
   \              0x20 0x66    
   \              0x6F 0x72    
   \              0x20 0x25    
   \              0x70 0x0A    
   \              0x43 0x68    
   \              0x61 0x6E    
   \              0x6E 0x65    
   \              0x6C 0x73    
   \              0x3A 0x20    
   \              0x00         
   \   00000019   0x00 0x00          DC8 0, 0, 0
   \              0x00         

   \                                 In section .text, align 4, keep-with-next
   \                     ?_20:
   \   00000000   0x65 0x6D          DC8 65H, 6DH, 62H, 65H, 72H, 41H, 66H, 50H
   \              0x62 0x65    
   \              0x72 0x41    
   \              0x66 0x50    
   \   00000008   0x6C 0x75          DC8 6CH, 75H, 67H, 69H, 6EH, 4EH, 65H, 74H
   \              0x67 0x69    
   \              0x6E 0x4E    
   \              0x65 0x74    
   \   00000010   0x77 0x6F          DC8 77H, 6FH, 72H, 6BH, 46H, 69H, 6EH, 64H
   \              0x72 0x6B    
   \              0x46 0x69    
   \              0x6E 0x64    
   \   00000018   0x53 0x74          DC8 53H, 74H, 61H, 63H, 6BH, 53H, 74H, 61H
   \              0x61 0x63    
   \              0x6B 0x53    
   \              0x74 0x61    
   \   00000020   0x74 0x75          DC8 74H, 75H, 73H, 43H, 61H, 6CH, 6CH, 62H
   \              0x73 0x43    
   \              0x61 0x6C    
   \              0x6C 0x62    
   \   00000028   0x61 0x63          DC8 61H, 63H, 6BH, 20H, 73H, 74H, 61H, 74H
   \              0x6B 0x20    
   \              0x73 0x74    
   \              0x61 0x74    
   \   00000030   0x75 0x73          DC8 75H, 73H, 3AH, 20H, 25H, 64H, 0AH, 0
   \              0x3A 0x20    
   \              0x25 0x64    
   \              0x0A 0x00    

   \                                 In section .text, align 4, keep-with-next
   \                     ?_21:
   \   00000000   0x65 0x6D          DC8 "emberAfPluginNetworkFindStackStatusCallback ln243"
   \              0x62 0x65    
   \              0x72 0x41    
   \              0x66 0x50    
   \              0x6C 0x75    
   \              0x67 0x69    
   \              0x6E 0x4E    
   \              0x65 0x74    
   \              0x77 0x6F    
   \              0x72 0x6B    
   \              0x46 0x69    
   \              0x6E 0x64    
   \              0x53 0x74    
   \              0x61 0x63    
   \              0x6B 0x53    
   \              0x74 0x61    
   \              0x74 0x75    
   \              0x73 0x43    
   \              0x61 0x6C    
   \              0x6C 0x62    
   \              0x61 0x63    
   \              0x6B 0x20    
   \              0x6C 0x6E    
   \              0x32 0x34    
   \              0x33 0x00    
   \   00000032   0x00 0x00          DC8 0, 0

   \                                 In section .text, align 4, keep-with-next
   \                     ?_22:
   \   00000000   0x65 0x6D          DC8 "emberAfPluginNetworkFindStackStatusCallback ln251"
   \              0x62 0x65    
   \              0x72 0x41    
   \              0x66 0x50    
   \              0x6C 0x75    
   \              0x67 0x69    
   \              0x6E 0x4E    
   \              0x65 0x74    
   \              0x77 0x6F    
   \              0x72 0x6B    
   \              0x46 0x69    
   \              0x6E 0x64    
   \              0x53 0x74    
   \              0x61 0x63    
   \              0x6B 0x53    
   \              0x74 0x61    
   \              0x74 0x75    
   \              0x73 0x43    
   \              0x61 0x6C    
   \              0x6C 0x62    
   \              0x61 0x63    
   \              0x6B 0x20    
   \              0x6C 0x6E    
   \              0x32 0x35    
   \              0x31 0x00    
   \   00000032   0x00 0x00          DC8 0, 0

   \                                 In section .text, align 4, keep-with-next
   \                     ?_23:
   \   00000000   0x65 0x6D          DC8 "emberAfPluginNetworkFindStackStatusCallback ln256"
   \              0x62 0x65    
   \              0x72 0x41    
   \              0x66 0x50    
   \              0x6C 0x75    
   \              0x67 0x69    
   \              0x6E 0x4E    
   \              0x65 0x74    
   \              0x77 0x6F    
   \              0x72 0x6B    
   \              0x46 0x69    
   \              0x6E 0x64    
   \              0x53 0x74    
   \              0x61 0x63    
   \              0x6B 0x53    
   \              0x74 0x61    
   \              0x74 0x75    
   \              0x73 0x43    
   \              0x61 0x6C    
   \              0x6C 0x62    
   \              0x61 0x63    
   \              0x6B 0x20    
   \              0x6C 0x6E    
   \              0x32 0x35    
   \              0x36 0x00    
   \   00000032   0x00 0x00          DC8 0, 0

   \                                 In section .rodata, align 4, keep-with-next
   \                     ?_0:
   \   00000000   0x00 0x00          DC8 0, 0, 0, 0, 0, 0, 0, 0
   \              0x00 0x00    
   \              0x00 0x00    
   \              0x00 0x00    

   \                                 In section .rodata, align 1, keep-with-next
   \                     ?_19:
   \   00000000   0x00               DC8 ""

   Maximum stack usage in bytes:

   .cstack Function
   ------- --------
       8   emberAfFindUnusedPanIdAndFormCallback
         8   -> emberAfPrintln
         8   -> emberScanForUnusedPanId
       8   emberAfGetFormAndJoinExtendedPanIdCallback
         8   -> emberGetCurrentNetwork
         0   -> halCommonMemCopy
      40   emberAfJoinableNetworkFoundCallback
        40   -> emEventControlSetActive
        40   -> emberAfJoinNetwork
        40   -> emberAfPluginAuroraHostProtocolFlashOnce
        40   -> emberAfPluginNetworkFindJoinCallback
        40   -> emberAfPrintln
        40   -> halCommonMemCopy
        40   -> halCommonMemSet
      16   emberAfPluginNetworkFindInitCallback
        16   -> halCommonMemCopy
      16   emberAfPluginNetworkFindStackStatusCallback
        16   -> emberAfPrint
        16   -> emberAfPrintln
       8   emberAfPluginNetworkFindTickEventHandler
         0   -> emberAfPluginNetworkFindFinishedCallback
         8   -> emberAfPrintln
         8   -> emberFormAndJoinCleanup
       8   emberAfScanErrorCallback
         0   -> emberAfPluginNetworkFindFinishedCallback
         8   -> emberAfPrintln
       8   emberAfSetFormAndJoinExtendedPanIdCallback
         8   -> emberGetCurrentNetwork
         0   -> halCommonMemCopy
      24   emberAfStartSearchForJoinableNetworkCallback
        24   -> emberAfGetFormAndJoinExtendedPanIdCallback
        24   -> emberAfPluginAuroraHostProtocolFlashTwice
        24   -> emberAfPrint
        24   -> emberAfPrintChannelListFromMask
        24   -> emberAfPrintEnabled
        24   -> emberAfPrintln
        24   -> emberScanForJoinableNetwork
      40   emberAfUnusedPanIdFoundCallback
        40   -> emberAfFormNetwork
        40   -> emberAfGetFormAndJoinExtendedPanIdCallback
        40   -> emberAfPrintln
        40   -> emberAfScanErrorCallback
        40   -> halCommonMemSet


   Section sizes:

   Bytes  Function/Label
   -----  --------------
       4  ??DataTable32
       4  ??DataTable32_1
       4  ??DataTable32_2
       4  ??DataTable32_3
       4  ??DataTable32_4
      14  ?Subroutine0
       8  ?_0
      20  ?_1
      24  ?_10
      24  ?_11
      16  ?_12
       8  ?_13
      20  ?_14
      24  ?_15
       8  ?_16
      52  ?_17
      28  ?_18
       1  ?_19
       8  ?_2
      56  ?_20
      52  ?_21
      52  ?_22
      52  ?_23
      12  ?_3
      40  ?_4
      44  ?_5
      20  ?_6
       8  ?_7
      20  ?_8
      20  ?_9
      32  emberAfFindUnusedPanIdAndFormCallback
      26  emberAfGetFormAndJoinExtendedPanIdCallback
     124  emberAfJoinableNetworkFoundCallback
      24  emberAfPluginNetworkFindInitCallback
      94  emberAfPluginNetworkFindStackStatusCallback
      66  emberAfPluginNetworkFindTickEventHandler
      70  emberAfScanErrorCallback
      26  emberAfSetFormAndJoinExtendedPanIdCallback
      92  emberAfStartSearchForJoinableNetworkCallback
      80  emberAfUnusedPanIdFoundCallback
       8  extendedPanIds
      12  state
          emberAfPluginNetworkFindTickEventControl

 
    20 bytes in section .bss
     9 bytes in section .rodata
 1 276 bytes in section .text
 
 1 276 bytes of CODE  memory
     9 bytes of CONST memory
    20 bytes of DATA  memory

Errors: none
Warnings: 2
